[0.011s] Invoking command in '/home/yang/dddmr/dddmr_x64_gazebo/build/champ_msgs': CMAKE_PREFIX_PATH=/opt/ros/humble /usr/bin/cmake /home/yang/dddmr/dddmr_x64_gazebo/src/gz_quadbot/champ/champ_msgs -DCMAKE_BUILD_TYPE=Release -DAMENT_CMAKE_SYMLINK_INSTALL=1 -DCMAKE_INSTALL_PREFIX=/home/yang/dddmr/dddmr_x64_gazebo/install/champ_msgs
[0.050s] -- The C compiler identification is GNU 11.4.0
[0.085s] -- The CXX compiler identification is GNU 11.4.0
[0.091s] -- Detecting C compiler ABI info
[0.130s] -- Detecting C compiler ABI info - done
[0.137s] -- Check for working C compiler: /usr/bin/cc - skipped
[0.137s] -- Detecting C compile features
[0.137s] -- Detecting C compile features - done
[0.140s] -- Detecting CXX compiler ABI info
[0.189s] -- Detecting CXX compiler ABI info - done
[0.196s] -- Check for working CXX compiler: /usr/bin/c++ - skipped
[0.196s] -- Detecting CXX compile features
[0.197s] -- Detecting CXX compile features - done
[0.198s] -- Found ament_cmake: 1.3.13 (/opt/ros/humble/share/ament_cmake/cmake)
[0.290s] -- Found Python3: /usr/bin/python3 (found version "3.10.12") found components: Interpreter 
[0.327s] -- Override CMake install command with custom implementation using symlinks instead of copying resources
[0.338s] -- Found rosidl_default_generators: 1.2.0 (/opt/ros/humble/share/rosidl_default_generators/cmake)
[0.340s] -- Using all available rosidl_typesupport_c: rosidl_typesupport_fastrtps_c;rosidl_typesupport_introspection_c
[0.344s] -- Found rosidl_adapter: 3.1.8 (/opt/ros/humble/share/rosidl_adapter/cmake)
[0.363s] -- Using all available rosidl_typesupport_cpp: rosidl_typesupport_fastrtps_cpp;rosidl_typesupport_introspection_cpp
[0.379s] -- Found std_msgs: 4.9.1 (/opt/ros/humble/share/std_msgs/cmake)
[0.391s] -- Found geometry_msgs: 4.9.1 (/opt/ros/humble/share/geometry_msgs/cmake)
[0.579s] -- Found ament_cmake_ros: 0.10.0 (/opt/ros/humble/share/ament_cmake_ros/cmake)
[0.721s] -- Using all available rosidl_typesupport_c: rosidl_typesupport_fastrtps_c;rosidl_typesupport_introspection_c
[0.900s] -- Using all available rosidl_typesupport_cpp: rosidl_typesupport_fastrtps_cpp;rosidl_typesupport_introspection_cpp
[0.918s] -- Found PythonInterp: /usr/bin/python3 (found suitable version "3.10.12", minimum required is "3.6") 
[0.918s] -- Found python_cmake_module: 0.10.0 (/opt/ros/humble/share/python_cmake_module/cmake)
[0.944s] -- Found PythonLibs: /usr/lib/x86_64-linux-gnu/libpython3.10.so (found suitable version "3.10.12", minimum required is "3.5") 
[0.944s] -- Using PYTHON_EXECUTABLE: /usr/bin/python3
[0.944s] -- Using PYTHON_INCLUDE_DIRS: /usr/include/python3.10
[0.944s] -- Using PYTHON_LIBRARIES: /usr/lib/x86_64-linux-gnu/libpython3.10.so
[0.960s] -- Found PythonExtra: .so  
[0.999s] -- Found ament_lint_auto: 0.12.15 (/opt/ros/humble/share/ament_lint_auto/cmake)
[1.003s] -- Configuring done
[1.025s] -- Generating done
[1.030s] -- Build files have been written to: /home/yang/dddmr/dddmr_x64_gazebo/build/champ_msgs
[1.034s] Invoked command in '/home/yang/dddmr/dddmr_x64_gazebo/build/champ_msgs' returned '0': CMAKE_PREFIX_PATH=/opt/ros/humble /usr/bin/cmake /home/yang/dddmr/dddmr_x64_gazebo/src/gz_quadbot/champ/champ_msgs -DCMAKE_BUILD_TYPE=Release -DAMENT_CMAKE_SYMLINK_INSTALL=1 -DCMAKE_INSTALL_PREFIX=/home/yang/dddmr/dddmr_x64_gazebo/install/champ_msgs
[1.035s] Invoking command in '/home/yang/dddmr/dddmr_x64_gazebo/build/champ_msgs': CMAKE_PREFIX_PATH=/opt/ros/humble /usr/bin/cmake --build /home/yang/dddmr/dddmr_x64_gazebo/build/champ_msgs -- -j24 -l24
[1.065s] [  1%] [34m[1mGenerating C code for ROS interfaces[0m
[1.074s] [  2%] [34m[1mGenerating C++ code for ROS interfaces[0m
[1.078s] [  2%] Built target ament_cmake_python_symlink_champ_msgs
[1.184s] running egg_info
[1.184s] creating champ_msgs.egg-info
[1.184s] writing champ_msgs.egg-info/PKG-INFO
[1.184s] writing dependency_links to champ_msgs.egg-info/dependency_links.txt
[1.185s] writing top-level names to champ_msgs.egg-info/top_level.txt
[1.185s] writing manifest file 'champ_msgs.egg-info/SOURCES.txt'
[1.185s] reading manifest file 'champ_msgs.egg-info/SOURCES.txt'
[1.186s] writing manifest file 'champ_msgs.egg-info/SOURCES.txt'
[1.200s] [  2%] Built target ament_cmake_python_build_champ_msgs_egg
[1.365s] [  2%] Built target champ_msgs__cpp
[1.372s] [  3%] [34m[1mGenerating C++ introspection for ROS interfaces[0m
[1.372s] [  4%] [32mBuilding C object CMakeFiles/champ_msgs__rosidl_generator_c.dir/rosidl_generator_c/champ_msgs/msg/detail/pid__functions.c.o[0m
[1.373s] [  5%] [34m[1mGenerating C++ type support for eProsima Fast-RTPS[0m
[1.373s] [  7%] [32mBuilding C object CMakeFiles/champ_msgs__rosidl_generator_c.dir/rosidl_generator_c/champ_msgs/msg/detail/joints__functions.c.o[0m
[1.373s] [  7%] [32mBuilding C object CMakeFiles/champ_msgs__rosidl_generator_c.dir/rosidl_generator_c/champ_msgs/msg/detail/point_array__functions.c.o[0m
[1.373s] [  8%] [32mBuilding C object CMakeFiles/champ_msgs__rosidl_generator_c.dir/rosidl_generator_c/champ_msgs/msg/detail/contacts_stamped__functions.c.o[0m
[1.373s] [  9%] [32mBuilding C object CMakeFiles/champ_msgs__rosidl_generator_c.dir/rosidl_generator_c/champ_msgs/msg/detail/imu__functions.c.o[0m
[1.375s] [ 10%] [32mBuilding C object CMakeFiles/champ_msgs__rosidl_generator_c.dir/rosidl_generator_c/champ_msgs/msg/detail/contacts__functions.c.o[0m
[1.375s] [ 12%] [32mBuilding C object CMakeFiles/champ_msgs__rosidl_generator_c.dir/rosidl_generator_c/champ_msgs/msg/detail/pose__functions.c.o[0m
[1.375s] [ 12%] [34m[1mGenerating C++ type support dispatch for ROS interfaces[0m
[1.375s] [ 13%] [32mBuilding C object CMakeFiles/champ_msgs__rosidl_generator_c.dir/rosidl_generator_c/champ_msgs/msg/detail/velocities__functions.c.o[0m
[1.376s] [ 14%] [32mBuilding C object CMakeFiles/champ_msgs__rosidl_generator_c.dir/rosidl_generator_c/champ_msgs/msg/detail/point__functions.c.o[0m
[1.451s] [ 15%] [32m[1mLinking C shared library libchamp_msgs__rosidl_generator_c.so[0m
[1.478s] [ 15%] Built target champ_msgs__rosidl_generator_c
[1.485s] [ 16%] [34m[1mGenerating C type support for eProsima Fast-RTPS[0m
[1.486s] [ 18%] [34m[1mGenerating C type support dispatch for ROS interfaces[0m
[1.486s] [ 18%] [34m[1mGenerating C introspection for ROS interfaces[0m
[1.561s] [ 22%] [32mBuilding CXX object CMakeFiles/champ_msgs__rosidl_typesupport_cpp.dir/rosidl_typesupport_cpp/champ_msgs/msg/joints__type_support.cpp.o[0m
[1.561s] [ 22%] [32mBuilding CXX object CMakeFiles/champ_msgs__rosidl_typesupport_cpp.dir/rosidl_typesupport_cpp/champ_msgs/msg/contacts__type_support.cpp.o[0m
[1.561s] [ 22%] [32mBuilding CXX object CMakeFiles/champ_msgs__rosidl_typesupport_cpp.dir/rosidl_typesupport_cpp/champ_msgs/msg/contacts_stamped__type_support.cpp.o[0m
[1.562s] [ 24%] [32mBuilding CXX object CMakeFiles/champ_msgs__rosidl_typesupport_cpp.dir/rosidl_typesupport_cpp/champ_msgs/msg/velocities__type_support.cpp.o[0m
[1.562s] [ 24%] [32mBuilding CXX object CMakeFiles/champ_msgs__rosidl_typesupport_cpp.dir/rosidl_typesupport_cpp/champ_msgs/msg/pid__type_support.cpp.o[0m
[1.562s] [ 26%] [32mBuilding CXX object CMakeFiles/champ_msgs__rosidl_typesupport_cpp.dir/rosidl_typesupport_cpp/champ_msgs/msg/imu__type_support.cpp.o[0m
[1.562s] [ 26%] [32mBuilding CXX object CMakeFiles/champ_msgs__rosidl_typesupport_cpp.dir/rosidl_typesupport_cpp/champ_msgs/msg/point__type_support.cpp.o[0m
[1.562s] [ 27%] [32mBuilding CXX object CMakeFiles/champ_msgs__rosidl_typesupport_cpp.dir/rosidl_typesupport_cpp/champ_msgs/msg/point_array__type_support.cpp.o[0m
[1.563s] [ 28%] [32mBuilding CXX object CMakeFiles/champ_msgs__rosidl_typesupport_cpp.dir/rosidl_typesupport_cpp/champ_msgs/msg/pose__type_support.cpp.o[0m
[1.609s] [ 32%] [32mBuilding CXX object CMakeFiles/champ_msgs__rosidl_typesupport_introspection_cpp.dir/rosidl_typesupport_introspection_cpp/champ_msgs/msg/detail/point__type_support.cpp.o[0m
[1.609s] [ 32%] [32mBuilding CXX object CMakeFiles/champ_msgs__rosidl_typesupport_introspection_cpp.dir/rosidl_typesupport_introspection_cpp/champ_msgs/msg/detail/contacts_stamped__type_support.cpp.o[0m
[1.609s] [ 32%] [32mBuilding CXX object CMakeFiles/champ_msgs__rosidl_typesupport_introspection_cpp.dir/rosidl_typesupport_introspection_cpp/champ_msgs/msg/detail/pose__type_support.cpp.o[0m
[1.610s] [ 34%] [32mBuilding CXX object CMakeFiles/champ_msgs__rosidl_typesupport_introspection_cpp.dir/rosidl_typesupport_introspection_cpp/champ_msgs/msg/detail/joints__type_support.cpp.o[0m
[1.610s] [ 34%] [32mBuilding CXX object CMakeFiles/champ_msgs__rosidl_typesupport_introspection_cpp.dir/rosidl_typesupport_introspection_cpp/champ_msgs/msg/detail/velocities__type_support.cpp.o[0m
[1.610s] [ 32%] [32mBuilding CXX object CMakeFiles/champ_msgs__rosidl_typesupport_introspection_cpp.dir/rosidl_typesupport_introspection_cpp/champ_msgs/msg/detail/contacts__type_support.cpp.o[0m
[1.610s] [ 37%] [32mBuilding CXX object CMakeFiles/champ_msgs__rosidl_typesupport_introspection_cpp.dir/rosidl_typesupport_introspection_cpp/champ_msgs/msg/detail/point_array__type_support.cpp.o[0m
[1.610s] [ 37%] [32mBuilding CXX object CMakeFiles/champ_msgs__rosidl_typesupport_introspection_cpp.dir/rosidl_typesupport_introspection_cpp/champ_msgs/msg/detail/pid__type_support.cpp.o[0m
[1.610s] [ 37%] [32mBuilding CXX object CMakeFiles/champ_msgs__rosidl_typesupport_introspection_cpp.dir/rosidl_typesupport_introspection_cpp/champ_msgs/msg/detail/imu__type_support.cpp.o[0m
[1.700s] [ 41%] [32mBuilding CXX object CMakeFiles/champ_msgs__rosidl_typesupport_fastrtps_cpp.dir/rosidl_typesupport_fastrtps_cpp/champ_msgs/msg/detail/dds_fastrtps/velocities__type_support.cpp.o[0m
[1.700s] [ 41%] [32mBuilding CXX object CMakeFiles/champ_msgs__rosidl_typesupport_fastrtps_cpp.dir/rosidl_typesupport_fastrtps_cpp/champ_msgs/msg/detail/dds_fastrtps/imu__type_support.cpp.o[0m
[1.700s] [ 41%] [32mBuilding CXX object CMakeFiles/champ_msgs__rosidl_typesupport_fastrtps_cpp.dir/rosidl_typesupport_fastrtps_cpp/champ_msgs/msg/detail/dds_fastrtps/pid__type_support.cpp.o[0m
[1.778s] [ 42%] [32mBuilding CXX object CMakeFiles/champ_msgs__rosidl_typesupport_fastrtps_cpp.dir/rosidl_typesupport_fastrtps_cpp/champ_msgs/msg/detail/dds_fastrtps/point__type_support.cpp.o[0m
[1.797s] [ 43%] [32mBuilding CXX object CMakeFiles/champ_msgs__rosidl_typesupport_fastrtps_cpp.dir/rosidl_typesupport_fastrtps_cpp/champ_msgs/msg/detail/dds_fastrtps/point_array__type_support.cpp.o[0m
[1.806s] [ 44%] [32mBuilding CXX object CMakeFiles/champ_msgs__rosidl_typesupport_fastrtps_cpp.dir/rosidl_typesupport_fastrtps_cpp/champ_msgs/msg/detail/dds_fastrtps/joints__type_support.cpp.o[0m
[1.807s] [ 45%] [32mBuilding CXX object CMakeFiles/champ_msgs__rosidl_typesupport_c.dir/rosidl_typesupport_c/champ_msgs/msg/velocities__type_support.cpp.o[0m
[1.812s] [ 46%] [32mBuilding CXX object CMakeFiles/champ_msgs__rosidl_typesupport_fastrtps_cpp.dir/rosidl_typesupport_fastrtps_cpp/champ_msgs/msg/detail/dds_fastrtps/contacts__type_support.cpp.o[0m
[1.831s] [ 47%] [32mBuilding CXX object CMakeFiles/champ_msgs__rosidl_typesupport_c.dir/rosidl_typesupport_c/champ_msgs/msg/pid__type_support.cpp.o[0m
[1.847s] [ 48%] [32mBuilding CXX object CMakeFiles/champ_msgs__rosidl_typesupport_c.dir/rosidl_typesupport_c/champ_msgs/msg/imu__type_support.cpp.o[0m
[1.866s] [ 49%] [32mBuilding CXX object CMakeFiles/champ_msgs__rosidl_typesupport_c.dir/rosidl_typesupport_c/champ_msgs/msg/point__type_support.cpp.o[0m
[1.869s] [ 50%] [32m[1mLinking CXX shared library libchamp_msgs__rosidl_typesupport_cpp.so[0m
[1.875s] [ 51%] [32mBuilding CXX object CMakeFiles/champ_msgs__rosidl_typesupport_fastrtps_cpp.dir/rosidl_typesupport_fastrtps_cpp/champ_msgs/msg/detail/dds_fastrtps/contacts_stamped__type_support.cpp.o[0m
[1.876s] [ 52%] [32mBuilding CXX object CMakeFiles/champ_msgs__rosidl_typesupport_c.dir/rosidl_typesupport_c/champ_msgs/msg/point_array__type_support.cpp.o[0m
[1.882s] [ 54%] [32mBuilding CXX object CMakeFiles/champ_msgs__rosidl_typesupport_c.dir/rosidl_typesupport_c/champ_msgs/msg/joints__type_support.cpp.o[0m
[1.883s] [ 54%] [32mBuilding CXX object CMakeFiles/champ_msgs__rosidl_typesupport_fastrtps_cpp.dir/rosidl_typesupport_fastrtps_cpp/champ_msgs/msg/detail/dds_fastrtps/pose__type_support.cpp.o[0m
[1.913s] [ 55%] [32mBuilding CXX object CMakeFiles/champ_msgs__rosidl_typesupport_c.dir/rosidl_typesupport_c/champ_msgs/msg/contacts_stamped__type_support.cpp.o[0m
[1.913s] [ 56%] [32mBuilding CXX object CMakeFiles/champ_msgs__rosidl_typesupport_c.dir/rosidl_typesupport_c/champ_msgs/msg/contacts__type_support.cpp.o[0m
[1.922s] [ 56%] Built target champ_msgs__rosidl_typesupport_cpp
[1.932s] [ 57%] [32mBuilding CXX object CMakeFiles/champ_msgs__rosidl_typesupport_c.dir/rosidl_typesupport_c/champ_msgs/msg/pose__type_support.cpp.o[0m
[1.962s] [ 58%] [32m[1mLinking CXX shared library libchamp_msgs__rosidl_typesupport_c.so[0m
[1.980s] [ 64%] [32mBuilding CXX object CMakeFiles/champ_msgs__rosidl_typesupport_fastrtps_c.dir/rosidl_typesupport_fastrtps_c/champ_msgs/msg/detail/pid__type_support_c.cpp.o[0m
[1.980s] [ 64%] [32mBuilding C object CMakeFiles/champ_msgs__rosidl_typesupport_introspection_c.dir/rosidl_typesupport_introspection_c/champ_msgs/msg/detail/velocities__type_support.c.o[0m
[1.980s] [ 64%] [32mBuilding CXX object CMakeFiles/champ_msgs__rosidl_typesupport_fastrtps_c.dir/rosidl_typesupport_fastrtps_c/champ_msgs/msg/detail/velocities__type_support_c.cpp.o[0m
[1.980s] [ 64%] [32mBuilding C object CMakeFiles/champ_msgs__rosidl_typesupport_introspection_c.dir/rosidl_typesupport_introspection_c/champ_msgs/msg/detail/imu__type_support.c.o[0m
[1.980s] [ 64%] [32mBuilding C object CMakeFiles/champ_msgs__rosidl_typesupport_introspection_c.dir/rosidl_typesupport_introspection_c/champ_msgs/msg/detail/pid__type_support.c.o[0m
[1.984s] [ 65%] [32mBuilding CXX object CMakeFiles/champ_msgs__rosidl_typesupport_fastrtps_c.dir/rosidl_typesupport_fastrtps_c/champ_msgs/msg/detail/imu__type_support_c.cpp.o[0m
[2.004s] [ 66%] [32mBuilding CXX object CMakeFiles/champ_msgs__rosidl_typesupport_fastrtps_c.dir/rosidl_typesupport_fastrtps_c/champ_msgs/msg/detail/point__type_support_c.cpp.o[0m
[2.010s] [ 67%] [32mBuilding CXX object CMakeFiles/champ_msgs__rosidl_typesupport_fastrtps_c.dir/rosidl_typesupport_fastrtps_c/champ_msgs/msg/detail/point_array__type_support_c.cpp.o[0m
[2.013s] [ 69%] [32mBuilding C object CMakeFiles/champ_msgs__rosidl_typesupport_introspection_c.dir/rosidl_typesupport_introspection_c/champ_msgs/msg/detail/point__type_support.c.o[0m
[2.013s] [ 69%] [32mBuilding C object CMakeFiles/champ_msgs__rosidl_typesupport_introspection_c.dir/rosidl_typesupport_introspection_c/champ_msgs/msg/detail/point_array__type_support.c.o[0m
[2.013s] [ 69%] Built target champ_msgs__rosidl_typesupport_c
[2.024s] [ 70%] [32mBuilding CXX object CMakeFiles/champ_msgs__rosidl_typesupport_fastrtps_c.dir/rosidl_typesupport_fastrtps_c/champ_msgs/msg/detail/joints__type_support_c.cpp.o[0m
[2.030s] [ 71%] [32mBuilding C object CMakeFiles/champ_msgs__rosidl_typesupport_introspection_c.dir/rosidl_typesupport_introspection_c/champ_msgs/msg/detail/joints__type_support.c.o[0m
[2.050s] [ 73%] [32mBuilding CXX object CMakeFiles/champ_msgs__rosidl_typesupport_fastrtps_c.dir/rosidl_typesupport_fastrtps_c/champ_msgs/msg/detail/contacts__type_support_c.cpp.o[0m
[2.050s] [ 73%] [32mBuilding C object CMakeFiles/champ_msgs__rosidl_typesupport_introspection_c.dir/rosidl_typesupport_introspection_c/champ_msgs/msg/detail/contacts__type_support.c.o[0m
[2.053s] [ 76%] [32mBuilding C object CMakeFiles/champ_msgs__rosidl_typesupport_introspection_c.dir/rosidl_typesupport_introspection_c/champ_msgs/msg/detail/contacts_stamped__type_support.c.o[0m
[2.053s] [ 76%] [32mBuilding CXX object CMakeFiles/champ_msgs__rosidl_typesupport_fastrtps_c.dir/rosidl_typesupport_fastrtps_c/champ_msgs/msg/detail/contacts_stamped__type_support_c.cpp.o[0m
[2.053s] [ 76%] [32mBuilding CXX object CMakeFiles/champ_msgs__rosidl_typesupport_fastrtps_c.dir/rosidl_typesupport_fastrtps_c/champ_msgs/msg/detail/pose__type_support_c.cpp.o[0m
[2.079s] [ 77%] [32mBuilding C object CMakeFiles/champ_msgs__rosidl_typesupport_introspection_c.dir/rosidl_typesupport_introspection_c/champ_msgs/msg/detail/pose__type_support.c.o[0m
[2.107s] [ 78%] [32m[1mLinking C shared library libchamp_msgs__rosidl_typesupport_introspection_c.so[0m
[2.133s] [ 78%] Built target champ_msgs__rosidl_typesupport_introspection_c
[2.164s] [ 80%] [32m[1mLinking CXX shared library libchamp_msgs__rosidl_typesupport_introspection_cpp.so[0m
[2.231s] [ 80%] Built target champ_msgs__rosidl_typesupport_introspection_cpp
[2.293s] [ 81%] [32m[1mLinking CXX shared library libchamp_msgs__rosidl_typesupport_fastrtps_cpp.so[0m
[2.327s] [ 82%] [32m[1mLinking CXX shared library libchamp_msgs__rosidl_typesupport_fastrtps_c.so[0m
[2.336s] [ 82%] Built target champ_msgs__rosidl_typesupport_fastrtps_cpp
[2.373s] [ 82%] Built target champ_msgs__rosidl_typesupport_fastrtps_c
[2.389s] [ 82%] Built target champ_msgs
[2.421s] [ 83%] [34m[1mGenerating Python code for ROS interfaces[0m
[2.864s] [ 83%] Built target champ_msgs__py
[2.877s] [ 87%] [32mBuilding C object CMakeFiles/champ_msgs__rosidl_generator_py.dir/rosidl_generator_py/champ_msgs/msg/_point_s.c.o[0m
[2.877s] [ 87%] [32mBuilding C object CMakeFiles/champ_msgs__rosidl_generator_py.dir/rosidl_generator_py/champ_msgs/msg/_pid_s.c.o[0m
[2.878s] [ 87%] [32mBuilding C object CMakeFiles/champ_msgs__rosidl_generator_py.dir/rosidl_generator_py/champ_msgs/msg/_point_array_s.c.o[0m
[2.878s] [ 87%] [32mBuilding C object CMakeFiles/champ_msgs__rosidl_generator_py.dir/rosidl_generator_py/champ_msgs/msg/_joints_s.c.o[0m
[2.878s] [ 88%] [32mBuilding C object CMakeFiles/champ_msgs__rosidl_generator_py.dir/rosidl_generator_py/champ_msgs/msg/_contacts_s.c.o[0m
[2.878s] [ 89%] [32mBuilding C object CMakeFiles/champ_msgs__rosidl_generator_py.dir/rosidl_generator_py/champ_msgs/msg/_pose_s.c.o[0m
[2.879s] [ 90%] [32mBuilding C object CMakeFiles/champ_msgs__rosidl_generator_py.dir/rosidl_generator_py/champ_msgs/msg/_contacts_stamped_s.c.o[0m
[2.879s] [ 91%] [32mBuilding C object CMakeFiles/champ_msgs__rosidl_generator_py.dir/rosidl_generator_py/champ_msgs/msg/_velocities_s.c.o[0m
[2.880s] [ 92%] [32mBuilding C object CMakeFiles/champ_msgs__rosidl_generator_py.dir/rosidl_generator_py/champ_msgs/msg/_imu_s.c.o[0m
[2.983s] [ 93%] [32m[1mLinking C shared library rosidl_generator_py/champ_msgs/libchamp_msgs__rosidl_generator_py.so[0m
[3.015s] [ 93%] Built target champ_msgs__rosidl_generator_py
[3.037s] [ 94%] [32mBuilding C object CMakeFiles/champ_msgs__rosidl_typesupport_fastrtps_c__pyext.dir/rosidl_generator_py/champ_msgs/_champ_msgs_s.ep.rosidl_typesupport_fastrtps_c.c.o[0m
[3.037s] [ 95%] [32mBuilding C object CMakeFiles/champ_msgs__rosidl_typesupport_c__pyext.dir/rosidl_generator_py/champ_msgs/_champ_msgs_s.ep.rosidl_typesupport_c.c.o[0m
[3.038s] [ 96%] [32mBuilding C object CMakeFiles/champ_msgs__rosidl_typesupport_introspection_c__pyext.dir/rosidl_generator_py/champ_msgs/_champ_msgs_s.ep.rosidl_typesupport_introspection_c.c.o[0m
[3.149s] [ 97%] [32m[1mLinking C shared library rosidl_generator_py/champ_msgs/champ_msgs_s__rosidl_typesupport_c.cpython-310-x86_64-linux-gnu.so[0m
[3.151s] [100%] [32m[1mLinking C shared library rosidl_generator_py/champ_msgs/champ_msgs_s__rosidl_typesupport_fastrtps_c.cpython-310-x86_64-linux-gnu.so[0m
[3.151s] [100%] [32m[1mLinking C shared library rosidl_generator_py/champ_msgs/champ_msgs_s__rosidl_typesupport_introspection_c.cpython-310-x86_64-linux-gnu.so[0m
[3.177s] [100%] Built target champ_msgs__rosidl_typesupport_c__pyext
[3.178s] [100%] Built target champ_msgs__rosidl_typesupport_introspection_c__pyext
[3.178s] [100%] Built target champ_msgs__rosidl_typesupport_fastrtps_c__pyext
[3.187s] Invoked command in '/home/yang/dddmr/dddmr_x64_gazebo/build/champ_msgs' returned '0': CMAKE_PREFIX_PATH=/opt/ros/humble /usr/bin/cmake --build /home/yang/dddmr/dddmr_x64_gazebo/build/champ_msgs -- -j24 -l24
[3.188s] Invoking command in '/home/yang/dddmr/dddmr_x64_gazebo/build/champ_msgs': CMAKE_PREFIX_PATH=/opt/ros/humble /usr/bin/cmake --install /home/yang/dddmr/dddmr_x64_gazebo/build/champ_msgs
[3.196s] -- Install configuration: "Release"
[3.197s] -- Execute custom install script
[3.197s] -- Symlinking: /home/yang/dddmr/dddmr_x64_gazebo/install/champ_msgs/share/ament_index/resource_index/rosidl_interfaces/champ_msgs
[3.208s] -- Symlinking: /home/yang/dddmr/dddmr_x64_gazebo/install/champ_msgs/include/champ_msgs/champ_msgs/msg/contacts.h
[3.224s] -- Symlinking: /home/yang/dddmr/dddmr_x64_gazebo/install/champ_msgs/include/champ_msgs/champ_msgs/msg/contacts_stamped.h
[3.237s] -- Symlinking: /home/yang/dddmr/dddmr_x64_gazebo/install/champ_msgs/include/champ_msgs/champ_msgs/msg/detail/contacts__functions.h
[3.255s] -- Symlinking: /home/yang/dddmr/dddmr_x64_gazebo/install/champ_msgs/include/champ_msgs/champ_msgs/msg/detail/contacts__struct.h
[3.273s] -- Symlinking: /home/yang/dddmr/dddmr_x64_gazebo/install/champ_msgs/include/champ_msgs/champ_msgs/msg/detail/contacts__type_support.h
[3.285s] -- Symlinking: /home/yang/dddmr/dddmr_x64_gazebo/install/champ_msgs/include/champ_msgs/champ_msgs/msg/detail/contacts_stamped__functions.h
[3.306s] -- Symlinking: /home/yang/dddmr/dddmr_x64_gazebo/install/champ_msgs/include/champ_msgs/champ_msgs/msg/detail/contacts_stamped__struct.h
[3.323s] -- Symlinking: /home/yang/dddmr/dddmr_x64_gazebo/install/champ_msgs/include/champ_msgs/champ_msgs/msg/detail/contacts_stamped__type_support.h
[3.339s] -- Symlinking: /home/yang/dddmr/dddmr_x64_gazebo/install/champ_msgs/include/champ_msgs/champ_msgs/msg/detail/imu__functions.h
[3.359s] -- Symlinking: /home/yang/dddmr/dddmr_x64_gazebo/install/champ_msgs/include/champ_msgs/champ_msgs/msg/detail/imu__struct.h
[3.378s] -- Symlinking: /home/yang/dddmr/dddmr_x64_gazebo/install/champ_msgs/include/champ_msgs/champ_msgs/msg/detail/imu__type_support.h
[3.395s] -- Symlinking: /home/yang/dddmr/dddmr_x64_gazebo/install/champ_msgs/include/champ_msgs/champ_msgs/msg/detail/joints__functions.h
[3.416s] -- Symlinking: /home/yang/dddmr/dddmr_x64_gazebo/install/champ_msgs/include/champ_msgs/champ_msgs/msg/detail/joints__struct.h
[3.436s] -- Symlinking: /home/yang/dddmr/dddmr_x64_gazebo/install/champ_msgs/include/champ_msgs/champ_msgs/msg/detail/joints__type_support.h
[3.451s] -- Symlinking: /home/yang/dddmr/dddmr_x64_gazebo/install/champ_msgs/include/champ_msgs/champ_msgs/msg/detail/pid__functions.h
[3.473s] -- Symlinking: /home/yang/dddmr/dddmr_x64_gazebo/install/champ_msgs/include/champ_msgs/champ_msgs/msg/detail/pid__struct.h
[3.493s] -- Symlinking: /home/yang/dddmr/dddmr_x64_gazebo/install/champ_msgs/include/champ_msgs/champ_msgs/msg/detail/pid__type_support.h
[3.510s] -- Symlinking: /home/yang/dddmr/dddmr_x64_gazebo/install/champ_msgs/include/champ_msgs/champ_msgs/msg/detail/point__functions.h
[3.528s] -- Symlinking: /home/yang/dddmr/dddmr_x64_gazebo/install/champ_msgs/include/champ_msgs/champ_msgs/msg/detail/point__struct.h
[3.548s] -- Symlinking: /home/yang/dddmr/dddmr_x64_gazebo/install/champ_msgs/include/champ_msgs/champ_msgs/msg/detail/point__type_support.h
[3.561s] -- Symlinking: /home/yang/dddmr/dddmr_x64_gazebo/install/champ_msgs/include/champ_msgs/champ_msgs/msg/detail/point_array__functions.h
[3.572s] -- Symlinking: /home/yang/dddmr/dddmr_x64_gazebo/install/champ_msgs/include/champ_msgs/champ_msgs/msg/detail/point_array__struct.h
[3.594s] -- Symlinking: /home/yang/dddmr/dddmr_x64_gazebo/install/champ_msgs/include/champ_msgs/champ_msgs/msg/detail/point_array__type_support.h
[3.606s] -- Symlinking: /home/yang/dddmr/dddmr_x64_gazebo/install/champ_msgs/include/champ_msgs/champ_msgs/msg/detail/pose__functions.h
[3.626s] -- Symlinking: /home/yang/dddmr/dddmr_x64_gazebo/install/champ_msgs/include/champ_msgs/champ_msgs/msg/detail/pose__struct.h
[3.647s] -- Symlinking: /home/yang/dddmr/dddmr_x64_gazebo/install/champ_msgs/include/champ_msgs/champ_msgs/msg/detail/pose__type_support.h
[3.657s] -- Symlinking: /home/yang/dddmr/dddmr_x64_gazebo/install/champ_msgs/include/champ_msgs/champ_msgs/msg/detail/velocities__functions.h
[3.670s] -- Symlinking: /home/yang/dddmr/dddmr_x64_gazebo/install/champ_msgs/include/champ_msgs/champ_msgs/msg/detail/velocities__struct.h
[3.691s] -- Symlinking: /home/yang/dddmr/dddmr_x64_gazebo/install/champ_msgs/include/champ_msgs/champ_msgs/msg/detail/velocities__type_support.h
[3.707s] -- Symlinking: /home/yang/dddmr/dddmr_x64_gazebo/install/champ_msgs/include/champ_msgs/champ_msgs/msg/imu.h
[3.715s] -- Symlinking: /home/yang/dddmr/dddmr_x64_gazebo/install/champ_msgs/include/champ_msgs/champ_msgs/msg/joints.h
[3.724s] -- Symlinking: /home/yang/dddmr/dddmr_x64_gazebo/install/champ_msgs/include/champ_msgs/champ_msgs/msg/pid.h
[3.734s] -- Symlinking: /home/yang/dddmr/dddmr_x64_gazebo/install/champ_msgs/include/champ_msgs/champ_msgs/msg/point.h
[3.738s] -- Symlinking: /home/yang/dddmr/dddmr_x64_gazebo/install/champ_msgs/include/champ_msgs/champ_msgs/msg/point_array.h
[3.743s] -- Symlinking: /home/yang/dddmr/dddmr_x64_gazebo/install/champ_msgs/include/champ_msgs/champ_msgs/msg/pose.h
[3.748s] -- Symlinking: /home/yang/dddmr/dddmr_x64_gazebo/install/champ_msgs/include/champ_msgs/champ_msgs/msg/rosidl_generator_c__visibility_control.h
[3.754s] -- Symlinking: /home/yang/dddmr/dddmr_x64_gazebo/install/champ_msgs/include/champ_msgs/champ_msgs/msg/velocities.h
[3.759s] -- Symlinking: /home/yang/dddmr/dddmr_x64_gazebo/install/champ_msgs/share/champ_msgs/environment/library_path.sh
[3.763s] -- Symlinking: /home/yang/dddmr/dddmr_x64_gazebo/install/champ_msgs/share/champ_msgs/environment/library_path.dsv
[3.768s] -- Symlinking: /home/yang/dddmr/dddmr_x64_gazebo/install/champ_msgs/include/champ_msgs/champ_msgs/msg/detail/contacts__rosidl_typesupport_fastrtps_c.h
[3.777s] -- Symlinking: /home/yang/dddmr/dddmr_x64_gazebo/install/champ_msgs/include/champ_msgs/champ_msgs/msg/detail/contacts_stamped__rosidl_typesupport_fastrtps_c.h
[3.783s] -- Symlinking: /home/yang/dddmr/dddmr_x64_gazebo/install/champ_msgs/include/champ_msgs/champ_msgs/msg/detail/imu__rosidl_typesupport_fastrtps_c.h
[3.793s] -- Symlinking: /home/yang/dddmr/dddmr_x64_gazebo/install/champ_msgs/include/champ_msgs/champ_msgs/msg/detail/joints__rosidl_typesupport_fastrtps_c.h
[3.814s] -- Symlinking: /home/yang/dddmr/dddmr_x64_gazebo/install/champ_msgs/include/champ_msgs/champ_msgs/msg/detail/pid__rosidl_typesupport_fastrtps_c.h
[3.828s] -- Symlinking: /home/yang/dddmr/dddmr_x64_gazebo/install/champ_msgs/include/champ_msgs/champ_msgs/msg/detail/point__rosidl_typesupport_fastrtps_c.h
[3.844s] -- Symlinking: /home/yang/dddmr/dddmr_x64_gazebo/install/champ_msgs/include/champ_msgs/champ_msgs/msg/detail/point_array__rosidl_typesupport_fastrtps_c.h
[3.861s] -- Symlinking: /home/yang/dddmr/dddmr_x64_gazebo/install/champ_msgs/include/champ_msgs/champ_msgs/msg/detail/pose__rosidl_typesupport_fastrtps_c.h
[3.879s] -- Symlinking: /home/yang/dddmr/dddmr_x64_gazebo/install/champ_msgs/include/champ_msgs/champ_msgs/msg/detail/velocities__rosidl_typesupport_fastrtps_c.h
[3.901s] -- Symlinking: /home/yang/dddmr/dddmr_x64_gazebo/install/champ_msgs/include/champ_msgs/champ_msgs/msg/rosidl_typesupport_fastrtps_c__visibility_control.h
[3.920s] -- Symlinking: /home/yang/dddmr/dddmr_x64_gazebo/install/champ_msgs/include/champ_msgs/champ_msgs/msg/detail/contacts__rosidl_typesupport_introspection_c.h
[3.939s] -- Symlinking: /home/yang/dddmr/dddmr_x64_gazebo/install/champ_msgs/include/champ_msgs/champ_msgs/msg/detail/contacts_stamped__rosidl_typesupport_introspection_c.h
[3.961s] -- Symlinking: /home/yang/dddmr/dddmr_x64_gazebo/install/champ_msgs/include/champ_msgs/champ_msgs/msg/detail/imu__rosidl_typesupport_introspection_c.h
[3.979s] -- Symlinking: /home/yang/dddmr/dddmr_x64_gazebo/install/champ_msgs/include/champ_msgs/champ_msgs/msg/detail/joints__rosidl_typesupport_introspection_c.h
[3.994s] -- Symlinking: /home/yang/dddmr/dddmr_x64_gazebo/install/champ_msgs/include/champ_msgs/champ_msgs/msg/detail/pid__rosidl_typesupport_introspection_c.h
[4.013s] -- Symlinking: /home/yang/dddmr/dddmr_x64_gazebo/install/champ_msgs/include/champ_msgs/champ_msgs/msg/detail/point__rosidl_typesupport_introspection_c.h
[4.021s] -- Symlinking: /home/yang/dddmr/dddmr_x64_gazebo/install/champ_msgs/include/champ_msgs/champ_msgs/msg/detail/point_array__rosidl_typesupport_introspection_c.h
[4.036s] -- Symlinking: /home/yang/dddmr/dddmr_x64_gazebo/install/champ_msgs/include/champ_msgs/champ_msgs/msg/detail/pose__rosidl_typesupport_introspection_c.h
[4.056s] -- Symlinking: /home/yang/dddmr/dddmr_x64_gazebo/install/champ_msgs/include/champ_msgs/champ_msgs/msg/detail/velocities__rosidl_typesupport_introspection_c.h
[4.075s] -- Symlinking: /home/yang/dddmr/dddmr_x64_gazebo/install/champ_msgs/include/champ_msgs/champ_msgs/msg/rosidl_typesupport_introspection_c__visibility_control.h
[4.097s] -- Symlinking: /home/yang/dddmr/dddmr_x64_gazebo/install/champ_msgs/include/champ_msgs/champ_msgs/msg/contacts.hpp
[4.116s] -- Symlinking: /home/yang/dddmr/dddmr_x64_gazebo/install/champ_msgs/include/champ_msgs/champ_msgs/msg/contacts_stamped.hpp
[4.137s] -- Symlinking: /home/yang/dddmr/dddmr_x64_gazebo/install/champ_msgs/include/champ_msgs/champ_msgs/msg/detail/contacts__builder.hpp
[4.151s] -- Symlinking: /home/yang/dddmr/dddmr_x64_gazebo/install/champ_msgs/include/champ_msgs/champ_msgs/msg/detail/contacts__struct.hpp
[4.166s] -- Symlinking: /home/yang/dddmr/dddmr_x64_gazebo/install/champ_msgs/include/champ_msgs/champ_msgs/msg/detail/contacts__traits.hpp
[4.184s] -- Symlinking: /home/yang/dddmr/dddmr_x64_gazebo/install/champ_msgs/include/champ_msgs/champ_msgs/msg/detail/contacts__type_support.hpp
[4.191s] -- Symlinking: /home/yang/dddmr/dddmr_x64_gazebo/install/champ_msgs/include/champ_msgs/champ_msgs/msg/detail/contacts_stamped__builder.hpp
[4.201s] -- Symlinking: /home/yang/dddmr/dddmr_x64_gazebo/install/champ_msgs/include/champ_msgs/champ_msgs/msg/detail/contacts_stamped__struct.hpp
[4.214s] -- Symlinking: /home/yang/dddmr/dddmr_x64_gazebo/install/champ_msgs/include/champ_msgs/champ_msgs/msg/detail/contacts_stamped__traits.hpp
[4.227s] -- Symlinking: /home/yang/dddmr/dddmr_x64_gazebo/install/champ_msgs/include/champ_msgs/champ_msgs/msg/detail/contacts_stamped__type_support.hpp
[4.239s] -- Symlinking: /home/yang/dddmr/dddmr_x64_gazebo/install/champ_msgs/include/champ_msgs/champ_msgs/msg/detail/imu__builder.hpp
[4.255s] -- Symlinking: /home/yang/dddmr/dddmr_x64_gazebo/install/champ_msgs/include/champ_msgs/champ_msgs/msg/detail/imu__struct.hpp
[4.264s] -- Symlinking: /home/yang/dddmr/dddmr_x64_gazebo/install/champ_msgs/include/champ_msgs/champ_msgs/msg/detail/imu__traits.hpp
[4.275s] -- Symlinking: /home/yang/dddmr/dddmr_x64_gazebo/install/champ_msgs/include/champ_msgs/champ_msgs/msg/detail/imu__type_support.hpp
[4.296s] -- Symlinking: /home/yang/dddmr/dddmr_x64_gazebo/install/champ_msgs/include/champ_msgs/champ_msgs/msg/detail/joints__builder.hpp
[4.318s] -- Symlinking: /home/yang/dddmr/dddmr_x64_gazebo/install/champ_msgs/include/champ_msgs/champ_msgs/msg/detail/joints__struct.hpp
[4.331s] -- Symlinking: /home/yang/dddmr/dddmr_x64_gazebo/install/champ_msgs/include/champ_msgs/champ_msgs/msg/detail/joints__traits.hpp
[4.348s] -- Symlinking: /home/yang/dddmr/dddmr_x64_gazebo/install/champ_msgs/include/champ_msgs/champ_msgs/msg/detail/joints__type_support.hpp
[4.359s] -- Symlinking: /home/yang/dddmr/dddmr_x64_gazebo/install/champ_msgs/include/champ_msgs/champ_msgs/msg/detail/pid__builder.hpp
[4.368s] -- Symlinking: /home/yang/dddmr/dddmr_x64_gazebo/install/champ_msgs/include/champ_msgs/champ_msgs/msg/detail/pid__struct.hpp
[4.374s] -- Symlinking: /home/yang/dddmr/dddmr_x64_gazebo/install/champ_msgs/include/champ_msgs/champ_msgs/msg/detail/pid__traits.hpp
[4.379s] -- Symlinking: /home/yang/dddmr/dddmr_x64_gazebo/install/champ_msgs/include/champ_msgs/champ_msgs/msg/detail/pid__type_support.hpp
[4.384s] -- Symlinking: /home/yang/dddmr/dddmr_x64_gazebo/install/champ_msgs/include/champ_msgs/champ_msgs/msg/detail/point__builder.hpp
[4.388s] -- Symlinking: /home/yang/dddmr/dddmr_x64_gazebo/install/champ_msgs/include/champ_msgs/champ_msgs/msg/detail/point__struct.hpp
[4.392s] -- Symlinking: /home/yang/dddmr/dddmr_x64_gazebo/install/champ_msgs/include/champ_msgs/champ_msgs/msg/detail/point__traits.hpp
[4.398s] -- Symlinking: /home/yang/dddmr/dddmr_x64_gazebo/install/champ_msgs/include/champ_msgs/champ_msgs/msg/detail/point__type_support.hpp
[4.402s] -- Symlinking: /home/yang/dddmr/dddmr_x64_gazebo/install/champ_msgs/include/champ_msgs/champ_msgs/msg/detail/point_array__builder.hpp
[4.406s] -- Symlinking: /home/yang/dddmr/dddmr_x64_gazebo/install/champ_msgs/include/champ_msgs/champ_msgs/msg/detail/point_array__struct.hpp
[4.411s] -- Symlinking: /home/yang/dddmr/dddmr_x64_gazebo/install/champ_msgs/include/champ_msgs/champ_msgs/msg/detail/point_array__traits.hpp
[4.418s] -- Symlinking: /home/yang/dddmr/dddmr_x64_gazebo/install/champ_msgs/include/champ_msgs/champ_msgs/msg/detail/point_array__type_support.hpp
[4.426s] -- Symlinking: /home/yang/dddmr/dddmr_x64_gazebo/install/champ_msgs/include/champ_msgs/champ_msgs/msg/detail/pose__builder.hpp
[4.437s] -- Symlinking: /home/yang/dddmr/dddmr_x64_gazebo/install/champ_msgs/include/champ_msgs/champ_msgs/msg/detail/pose__struct.hpp
[4.455s] -- Symlinking: /home/yang/dddmr/dddmr_x64_gazebo/install/champ_msgs/include/champ_msgs/champ_msgs/msg/detail/pose__traits.hpp
[4.465s] -- Symlinking: /home/yang/dddmr/dddmr_x64_gazebo/install/champ_msgs/include/champ_msgs/champ_msgs/msg/detail/pose__type_support.hpp
[4.474s] -- Symlinking: /home/yang/dddmr/dddmr_x64_gazebo/install/champ_msgs/include/champ_msgs/champ_msgs/msg/detail/velocities__builder.hpp
[4.485s] -- Symlinking: /home/yang/dddmr/dddmr_x64_gazebo/install/champ_msgs/include/champ_msgs/champ_msgs/msg/detail/velocities__struct.hpp
[4.491s] -- Symlinking: /home/yang/dddmr/dddmr_x64_gazebo/install/champ_msgs/include/champ_msgs/champ_msgs/msg/detail/velocities__traits.hpp
[4.501s] -- Symlinking: /home/yang/dddmr/dddmr_x64_gazebo/install/champ_msgs/include/champ_msgs/champ_msgs/msg/detail/velocities__type_support.hpp
[4.512s] -- Symlinking: /home/yang/dddmr/dddmr_x64_gazebo/install/champ_msgs/include/champ_msgs/champ_msgs/msg/imu.hpp
[4.528s] -- Symlinking: /home/yang/dddmr/dddmr_x64_gazebo/install/champ_msgs/include/champ_msgs/champ_msgs/msg/joints.hpp
[4.545s] -- Symlinking: /home/yang/dddmr/dddmr_x64_gazebo/install/champ_msgs/include/champ_msgs/champ_msgs/msg/pid.hpp
[4.556s] -- Symlinking: /home/yang/dddmr/dddmr_x64_gazebo/install/champ_msgs/include/champ_msgs/champ_msgs/msg/point.hpp
[4.565s] -- Symlinking: /home/yang/dddmr/dddmr_x64_gazebo/install/champ_msgs/include/champ_msgs/champ_msgs/msg/point_array.hpp
[4.582s] -- Symlinking: /home/yang/dddmr/dddmr_x64_gazebo/install/champ_msgs/include/champ_msgs/champ_msgs/msg/pose.hpp
[4.591s] -- Symlinking: /home/yang/dddmr/dddmr_x64_gazebo/install/champ_msgs/include/champ_msgs/champ_msgs/msg/rosidl_generator_cpp__visibility_control.hpp
[4.608s] -- Symlinking: /home/yang/dddmr/dddmr_x64_gazebo/install/champ_msgs/include/champ_msgs/champ_msgs/msg/velocities.hpp
[4.630s] -- Symlinking: /home/yang/dddmr/dddmr_x64_gazebo/install/champ_msgs/include/champ_msgs/champ_msgs/msg/detail/contacts__rosidl_typesupport_fastrtps_cpp.hpp
[4.648s] -- Symlinking: /home/yang/dddmr/dddmr_x64_gazebo/install/champ_msgs/include/champ_msgs/champ_msgs/msg/detail/contacts_stamped__rosidl_typesupport_fastrtps_cpp.hpp
[4.660s] -- Symlinking: /home/yang/dddmr/dddmr_x64_gazebo/install/champ_msgs/include/champ_msgs/champ_msgs/msg/detail/imu__rosidl_typesupport_fastrtps_cpp.hpp
[4.675s] -- Symlinking: /home/yang/dddmr/dddmr_x64_gazebo/install/champ_msgs/include/champ_msgs/champ_msgs/msg/detail/joints__rosidl_typesupport_fastrtps_cpp.hpp
[4.691s] -- Symlinking: /home/yang/dddmr/dddmr_x64_gazebo/install/champ_msgs/include/champ_msgs/champ_msgs/msg/detail/pid__rosidl_typesupport_fastrtps_cpp.hpp
[4.701s] -- Symlinking: /home/yang/dddmr/dddmr_x64_gazebo/install/champ_msgs/include/champ_msgs/champ_msgs/msg/detail/point__rosidl_typesupport_fastrtps_cpp.hpp
[4.708s] -- Symlinking: /home/yang/dddmr/dddmr_x64_gazebo/install/champ_msgs/include/champ_msgs/champ_msgs/msg/detail/point_array__rosidl_typesupport_fastrtps_cpp.hpp
[4.720s] -- Symlinking: /home/yang/dddmr/dddmr_x64_gazebo/install/champ_msgs/include/champ_msgs/champ_msgs/msg/detail/pose__rosidl_typesupport_fastrtps_cpp.hpp
[4.738s] -- Symlinking: /home/yang/dddmr/dddmr_x64_gazebo/install/champ_msgs/include/champ_msgs/champ_msgs/msg/detail/velocities__rosidl_typesupport_fastrtps_cpp.hpp
[4.745s] -- Symlinking: /home/yang/dddmr/dddmr_x64_gazebo/install/champ_msgs/include/champ_msgs/champ_msgs/msg/rosidl_typesupport_fastrtps_cpp__visibility_control.h
[4.751s] -- Symlinking: /home/yang/dddmr/dddmr_x64_gazebo/install/champ_msgs/include/champ_msgs/champ_msgs/msg/detail/contacts__rosidl_typesupport_introspection_cpp.hpp
[4.755s] -- Symlinking: /home/yang/dddmr/dddmr_x64_gazebo/install/champ_msgs/include/champ_msgs/champ_msgs/msg/detail/contacts_stamped__rosidl_typesupport_introspection_cpp.hpp
[4.759s] -- Symlinking: /home/yang/dddmr/dddmr_x64_gazebo/install/champ_msgs/include/champ_msgs/champ_msgs/msg/detail/imu__rosidl_typesupport_introspection_cpp.hpp
[4.763s] -- Symlinking: /home/yang/dddmr/dddmr_x64_gazebo/install/champ_msgs/include/champ_msgs/champ_msgs/msg/detail/joints__rosidl_typesupport_introspection_cpp.hpp
[4.769s] -- Symlinking: /home/yang/dddmr/dddmr_x64_gazebo/install/champ_msgs/include/champ_msgs/champ_msgs/msg/detail/pid__rosidl_typesupport_introspection_cpp.hpp
[4.774s] -- Symlinking: /home/yang/dddmr/dddmr_x64_gazebo/install/champ_msgs/include/champ_msgs/champ_msgs/msg/detail/point__rosidl_typesupport_introspection_cpp.hpp
[4.780s] -- Symlinking: /home/yang/dddmr/dddmr_x64_gazebo/install/champ_msgs/include/champ_msgs/champ_msgs/msg/detail/point_array__rosidl_typesupport_introspection_cpp.hpp
[4.786s] -- Symlinking: /home/yang/dddmr/dddmr_x64_gazebo/install/champ_msgs/include/champ_msgs/champ_msgs/msg/detail/pose__rosidl_typesupport_introspection_cpp.hpp
[4.793s] -- Symlinking: /home/yang/dddmr/dddmr_x64_gazebo/install/champ_msgs/include/champ_msgs/champ_msgs/msg/detail/velocities__rosidl_typesupport_introspection_cpp.hpp
[4.801s] -- Symlinking: /home/yang/dddmr/dddmr_x64_gazebo/install/champ_msgs/share/champ_msgs/environment/pythonpath.sh
[4.809s] -- Symlinking: /home/yang/dddmr/dddmr_x64_gazebo/install/champ_msgs/share/champ_msgs/environment/pythonpath.dsv
[4.822s] -- Symlinking: /home/yang/dddmr/dddmr_x64_gazebo/install/champ_msgs/local/lib/python3.10/dist-packages/champ_msgs-0.1.0-py3.10.egg-info/PKG-INFO
[4.841s] -- Symlinking: /home/yang/dddmr/dddmr_x64_gazebo/install/champ_msgs/local/lib/python3.10/dist-packages/champ_msgs-0.1.0-py3.10.egg-info/SOURCES.txt
[4.863s] -- Symlinking: /home/yang/dddmr/dddmr_x64_gazebo/install/champ_msgs/local/lib/python3.10/dist-packages/champ_msgs-0.1.0-py3.10.egg-info/dependency_links.txt
[4.889s] -- Symlinking: /home/yang/dddmr/dddmr_x64_gazebo/install/champ_msgs/local/lib/python3.10/dist-packages/champ_msgs-0.1.0-py3.10.egg-info/top_level.txt
[4.897s] -- Symlinking: /home/yang/dddmr/dddmr_x64_gazebo/install/champ_msgs/local/lib/python3.10/dist-packages/champ_msgs/__init__.py
[4.916s] -- Symlinking: /home/yang/dddmr/dddmr_x64_gazebo/install/champ_msgs/local/lib/python3.10/dist-packages/champ_msgs/_champ_msgs_s.ep.rosidl_typesupport_c.c
[4.936s] -- Symlinking: /home/yang/dddmr/dddmr_x64_gazebo/install/champ_msgs/local/lib/python3.10/dist-packages/champ_msgs/_champ_msgs_s.ep.rosidl_typesupport_fastrtps_c.c
[4.958s] -- Symlinking: /home/yang/dddmr/dddmr_x64_gazebo/install/champ_msgs/local/lib/python3.10/dist-packages/champ_msgs/_champ_msgs_s.ep.rosidl_typesupport_introspection_c.c
[4.980s] -- Symlinking: /home/yang/dddmr/dddmr_x64_gazebo/install/champ_msgs/local/lib/python3.10/dist-packages/champ_msgs/champ_msgs_s__rosidl_typesupport_c.cpython-310-x86_64-linux-gnu.so
[4.997s] -- Symlinking: /home/yang/dddmr/dddmr_x64_gazebo/install/champ_msgs/local/lib/python3.10/dist-packages/champ_msgs/champ_msgs_s__rosidl_typesupport_fastrtps_c.cpython-310-x86_64-linux-gnu.so
[5.009s] -- Symlinking: /home/yang/dddmr/dddmr_x64_gazebo/install/champ_msgs/local/lib/python3.10/dist-packages/champ_msgs/champ_msgs_s__rosidl_typesupport_introspection_c.cpython-310-x86_64-linux-gnu.so
[5.020s] -- Symlinking: /home/yang/dddmr/dddmr_x64_gazebo/install/champ_msgs/local/lib/python3.10/dist-packages/champ_msgs/libchamp_msgs__rosidl_generator_py.so
[5.027s] -- Symlinking: /home/yang/dddmr/dddmr_x64_gazebo/install/champ_msgs/local/lib/python3.10/dist-packages/champ_msgs/msg/__init__.py
[5.036s] -- Symlinking: /home/yang/dddmr/dddmr_x64_gazebo/install/champ_msgs/local/lib/python3.10/dist-packages/champ_msgs/msg/_contacts.py
[5.059s] -- Symlinking: /home/yang/dddmr/dddmr_x64_gazebo/install/champ_msgs/local/lib/python3.10/dist-packages/champ_msgs/msg/_contacts_s.c
[5.080s] -- Symlinking: /home/yang/dddmr/dddmr_x64_gazebo/install/champ_msgs/local/lib/python3.10/dist-packages/champ_msgs/msg/_contacts_stamped.py
[5.097s] -- Symlinking: /home/yang/dddmr/dddmr_x64_gazebo/install/champ_msgs/local/lib/python3.10/dist-packages/champ_msgs/msg/_contacts_stamped_s.c
[5.103s] -- Symlinking: /home/yang/dddmr/dddmr_x64_gazebo/install/champ_msgs/local/lib/python3.10/dist-packages/champ_msgs/msg/_imu.py
[5.111s] -- Symlinking: /home/yang/dddmr/dddmr_x64_gazebo/install/champ_msgs/local/lib/python3.10/dist-packages/champ_msgs/msg/_imu_s.c
[5.121s] -- Symlinking: /home/yang/dddmr/dddmr_x64_gazebo/install/champ_msgs/local/lib/python3.10/dist-packages/champ_msgs/msg/_joints.py
[5.129s] -- Symlinking: /home/yang/dddmr/dddmr_x64_gazebo/install/champ_msgs/local/lib/python3.10/dist-packages/champ_msgs/msg/_joints_s.c
[5.143s] -- Symlinking: /home/yang/dddmr/dddmr_x64_gazebo/install/champ_msgs/local/lib/python3.10/dist-packages/champ_msgs/msg/_pid.py
[5.154s] -- Symlinking: /home/yang/dddmr/dddmr_x64_gazebo/install/champ_msgs/local/lib/python3.10/dist-packages/champ_msgs/msg/_pid_s.c
[5.157s] -- Symlinking: /home/yang/dddmr/dddmr_x64_gazebo/install/champ_msgs/local/lib/python3.10/dist-packages/champ_msgs/msg/_point.py
[5.165s] -- Symlinking: /home/yang/dddmr/dddmr_x64_gazebo/install/champ_msgs/local/lib/python3.10/dist-packages/champ_msgs/msg/_point_array.py
[5.184s] -- Symlinking: /home/yang/dddmr/dddmr_x64_gazebo/install/champ_msgs/local/lib/python3.10/dist-packages/champ_msgs/msg/_point_array_s.c
[5.194s] -- Symlinking: /home/yang/dddmr/dddmr_x64_gazebo/install/champ_msgs/local/lib/python3.10/dist-packages/champ_msgs/msg/_point_s.c
[5.206s] -- Symlinking: /home/yang/dddmr/dddmr_x64_gazebo/install/champ_msgs/local/lib/python3.10/dist-packages/champ_msgs/msg/_pose.py
[5.216s] -- Symlinking: /home/yang/dddmr/dddmr_x64_gazebo/install/champ_msgs/local/lib/python3.10/dist-packages/champ_msgs/msg/_pose_s.c
[5.231s] -- Symlinking: /home/yang/dddmr/dddmr_x64_gazebo/install/champ_msgs/local/lib/python3.10/dist-packages/champ_msgs/msg/_velocities.py
[5.242s] -- Symlinking: /home/yang/dddmr/dddmr_x64_gazebo/install/champ_msgs/local/lib/python3.10/dist-packages/champ_msgs/msg/_velocities_s.c
[5.254s] -- Up-to-date symlink: /home/yang/dddmr/dddmr_x64_gazebo/install/champ_msgs/local/lib/python3.10/dist-packages/champ_msgs/champ_msgs_s__rosidl_typesupport_fastrtps_c.cpython-310-x86_64-linux-gnu.so
[5.254s] -- Up-to-date symlink: /home/yang/dddmr/dddmr_x64_gazebo/install/champ_msgs/local/lib/python3.10/dist-packages/champ_msgs/champ_msgs_s__rosidl_typesupport_introspection_c.cpython-310-x86_64-linux-gnu.so
[5.254s] -- Up-to-date symlink: /home/yang/dddmr/dddmr_x64_gazebo/install/champ_msgs/local/lib/python3.10/dist-packages/champ_msgs/champ_msgs_s__rosidl_typesupport_c.cpython-310-x86_64-linux-gnu.so
[5.254s] -- Symlinking: /home/yang/dddmr/dddmr_x64_gazebo/install/champ_msgs/share/champ_msgs/msg/Velocities.idl
[5.266s] -- Symlinking: /home/yang/dddmr/dddmr_x64_gazebo/install/champ_msgs/share/champ_msgs/msg/PID.idl
[5.277s] -- Symlinking: /home/yang/dddmr/dddmr_x64_gazebo/install/champ_msgs/share/champ_msgs/msg/Imu.idl
[5.286s] -- Symlinking: /home/yang/dddmr/dddmr_x64_gazebo/install/champ_msgs/share/champ_msgs/msg/Point.idl
[5.300s] -- Symlinking: /home/yang/dddmr/dddmr_x64_gazebo/install/champ_msgs/share/champ_msgs/msg/PointArray.idl
[5.319s] -- Symlinking: /home/yang/dddmr/dddmr_x64_gazebo/install/champ_msgs/share/champ_msgs/msg/Joints.idl
[5.329s] -- Symlinking: /home/yang/dddmr/dddmr_x64_gazebo/install/champ_msgs/share/champ_msgs/msg/Contacts.idl
[5.347s] -- Symlinking: /home/yang/dddmr/dddmr_x64_gazebo/install/champ_msgs/share/champ_msgs/msg/ContactsStamped.idl
[5.354s] -- Symlinking: /home/yang/dddmr/dddmr_x64_gazebo/install/champ_msgs/share/champ_msgs/msg/Pose.idl
[5.359s] -- Symlinking: /home/yang/dddmr/dddmr_x64_gazebo/install/champ_msgs/share/champ_msgs/msg/Velocities.msg
[5.366s] -- Symlinking: /home/yang/dddmr/dddmr_x64_gazebo/install/champ_msgs/share/champ_msgs/msg/PID.msg
[5.374s] -- Symlinking: /home/yang/dddmr/dddmr_x64_gazebo/install/champ_msgs/share/champ_msgs/msg/Imu.msg
[5.385s] -- Symlinking: /home/yang/dddmr/dddmr_x64_gazebo/install/champ_msgs/share/champ_msgs/msg/Point.msg
[5.395s] -- Symlinking: /home/yang/dddmr/dddmr_x64_gazebo/install/champ_msgs/share/champ_msgs/msg/PointArray.msg
[5.410s] -- Symlinking: /home/yang/dddmr/dddmr_x64_gazebo/install/champ_msgs/share/champ_msgs/msg/Joints.msg
[5.425s] -- Symlinking: /home/yang/dddmr/dddmr_x64_gazebo/install/champ_msgs/share/champ_msgs/msg/Contacts.msg
[5.439s] -- Symlinking: /home/yang/dddmr/dddmr_x64_gazebo/install/champ_msgs/share/champ_msgs/msg/ContactsStamped.msg
[5.454s] -- Symlinking: /home/yang/dddmr/dddmr_x64_gazebo/install/champ_msgs/share/champ_msgs/msg/Pose.msg
[5.476s] -- Symlinking: /home/yang/dddmr/dddmr_x64_gazebo/install/champ_msgs/share/ament_index/resource_index/package_run_dependencies/champ_msgs
[5.490s] -- Symlinking: /home/yang/dddmr/dddmr_x64_gazebo/install/champ_msgs/share/ament_index/resource_index/parent_prefix_path/champ_msgs
[5.503s] -- Symlinking: /home/yang/dddmr/dddmr_x64_gazebo/install/champ_msgs/share/champ_msgs/environment/ament_prefix_path.sh
[5.518s] -- Symlinking: /home/yang/dddmr/dddmr_x64_gazebo/install/champ_msgs/share/champ_msgs/environment/ament_prefix_path.dsv
[5.528s] -- Symlinking: /home/yang/dddmr/dddmr_x64_gazebo/install/champ_msgs/share/champ_msgs/environment/path.sh
[5.537s] -- Symlinking: /home/yang/dddmr/dddmr_x64_gazebo/install/champ_msgs/share/champ_msgs/environment/path.dsv
[5.551s] -- Symlinking: /home/yang/dddmr/dddmr_x64_gazebo/install/champ_msgs/share/champ_msgs/local_setup.bash
[5.570s] -- Symlinking: /home/yang/dddmr/dddmr_x64_gazebo/install/champ_msgs/share/champ_msgs/local_setup.sh
[5.591s] -- Symlinking: /home/yang/dddmr/dddmr_x64_gazebo/install/champ_msgs/share/champ_msgs/local_setup.zsh
[5.604s] -- Symlinking: /home/yang/dddmr/dddmr_x64_gazebo/install/champ_msgs/share/champ_msgs/local_setup.dsv
[5.625s] -- Symlinking: /home/yang/dddmr/dddmr_x64_gazebo/install/champ_msgs/share/champ_msgs/package.dsv
[5.647s] -- Symlinking: /home/yang/dddmr/dddmr_x64_gazebo/install/champ_msgs/share/ament_index/resource_index/packages/champ_msgs
[5.659s] -- Symlinking: /home/yang/dddmr/dddmr_x64_gazebo/install/champ_msgs/share/champ_msgs/cmake/rosidl_cmake-extras.cmake
[5.676s] -- Symlinking: /home/yang/dddmr/dddmr_x64_gazebo/install/champ_msgs/share/champ_msgs/cmake/ament_cmake_export_dependencies-extras.cmake
[5.692s] -- Symlinking: /home/yang/dddmr/dddmr_x64_gazebo/install/champ_msgs/share/champ_msgs/cmake/ament_cmake_export_include_directories-extras.cmake
[5.703s] -- Symlinking: /home/yang/dddmr/dddmr_x64_gazebo/install/champ_msgs/share/champ_msgs/cmake/ament_cmake_export_libraries-extras.cmake
[5.722s] -- Symlinking: /home/yang/dddmr/dddmr_x64_gazebo/install/champ_msgs/share/champ_msgs/cmake/ament_cmake_export_targets-extras.cmake
[5.734s] -- Symlinking: /home/yang/dddmr/dddmr_x64_gazebo/install/champ_msgs/share/champ_msgs/cmake/rosidl_cmake_export_typesupport_targets-extras.cmake
[5.742s] -- Symlinking: /home/yang/dddmr/dddmr_x64_gazebo/install/champ_msgs/share/champ_msgs/cmake/rosidl_cmake_export_typesupport_libraries-extras.cmake
[5.747s] -- Symlinking: /home/yang/dddmr/dddmr_x64_gazebo/install/champ_msgs/share/champ_msgs/cmake/champ_msgsConfig.cmake
[5.753s] -- Symlinking: /home/yang/dddmr/dddmr_x64_gazebo/install/champ_msgs/share/champ_msgs/cmake/champ_msgsConfig-version.cmake
[5.757s] -- Symlinking: /home/yang/dddmr/dddmr_x64_gazebo/install/champ_msgs/share/champ_msgs/package.xml
[5.761s] -- Installing: /home/yang/dddmr/dddmr_x64_gazebo/install/champ_msgs/lib/libchamp_msgs__rosidl_generator_c.so
[5.761s] -- Set runtime path of "/home/yang/dddmr/dddmr_x64_gazebo/install/champ_msgs/lib/libchamp_msgs__rosidl_generator_c.so" to ""
[5.761s] -- Installing: /home/yang/dddmr/dddmr_x64_gazebo/install/champ_msgs/lib/libchamp_msgs__rosidl_typesupport_fastrtps_c.so
[5.762s] -- Set runtime path of "/home/yang/dddmr/dddmr_x64_gazebo/install/champ_msgs/lib/libchamp_msgs__rosidl_typesupport_fastrtps_c.so" to ""
[5.762s] -- Installing: /home/yang/dddmr/dddmr_x64_gazebo/install/champ_msgs/lib/libchamp_msgs__rosidl_typesupport_introspection_c.so
[5.762s] -- Set runtime path of "/home/yang/dddmr/dddmr_x64_gazebo/install/champ_msgs/lib/libchamp_msgs__rosidl_typesupport_introspection_c.so" to ""
[5.762s] -- Installing: /home/yang/dddmr/dddmr_x64_gazebo/install/champ_msgs/lib/libchamp_msgs__rosidl_typesupport_c.so
[5.762s] -- Set runtime path of "/home/yang/dddmr/dddmr_x64_gazebo/install/champ_msgs/lib/libchamp_msgs__rosidl_typesupport_c.so" to ""
[5.762s] -- Installing: /home/yang/dddmr/dddmr_x64_gazebo/install/champ_msgs/lib/libchamp_msgs__rosidl_typesupport_fastrtps_cpp.so
[5.762s] -- Set runtime path of "/home/yang/dddmr/dddmr_x64_gazebo/install/champ_msgs/lib/libchamp_msgs__rosidl_typesupport_fastrtps_cpp.so" to ""
[5.762s] -- Installing: /home/yang/dddmr/dddmr_x64_gazebo/install/champ_msgs/lib/libchamp_msgs__rosidl_typesupport_introspection_cpp.so
[5.762s] -- Set runtime path of "/home/yang/dddmr/dddmr_x64_gazebo/install/champ_msgs/lib/libchamp_msgs__rosidl_typesupport_introspection_cpp.so" to ""
[5.762s] -- Installing: /home/yang/dddmr/dddmr_x64_gazebo/install/champ_msgs/lib/libchamp_msgs__rosidl_typesupport_cpp.so
[5.762s] -- Set runtime path of "/home/yang/dddmr/dddmr_x64_gazebo/install/champ_msgs/lib/libchamp_msgs__rosidl_typesupport_cpp.so" to ""
[5.786s] Listing '/home/yang/dddmr/dddmr_x64_gazebo/install/champ_msgs/local/lib/python3.10/dist-packages/champ_msgs'...
[5.786s] Compiling '/home/yang/dddmr/dddmr_x64_gazebo/install/champ_msgs/local/lib/python3.10/dist-packages/champ_msgs/__init__.py'...
[5.786s] Listing '/home/yang/dddmr/dddmr_x64_gazebo/install/champ_msgs/local/lib/python3.10/dist-packages/champ_msgs/msg'...
[5.786s] Compiling '/home/yang/dddmr/dddmr_x64_gazebo/install/champ_msgs/local/lib/python3.10/dist-packages/champ_msgs/msg/__init__.py'...
[5.786s] Compiling '/home/yang/dddmr/dddmr_x64_gazebo/install/champ_msgs/local/lib/python3.10/dist-packages/champ_msgs/msg/_contacts.py'...
[5.786s] Compiling '/home/yang/dddmr/dddmr_x64_gazebo/install/champ_msgs/local/lib/python3.10/dist-packages/champ_msgs/msg/_contacts_stamped.py'...
[5.786s] Compiling '/home/yang/dddmr/dddmr_x64_gazebo/install/champ_msgs/local/lib/python3.10/dist-packages/champ_msgs/msg/_imu.py'...
[5.786s] Compiling '/home/yang/dddmr/dddmr_x64_gazebo/install/champ_msgs/local/lib/python3.10/dist-packages/champ_msgs/msg/_joints.py'...
[5.786s] Compiling '/home/yang/dddmr/dddmr_x64_gazebo/install/champ_msgs/local/lib/python3.10/dist-packages/champ_msgs/msg/_pid.py'...
[5.786s] Compiling '/home/yang/dddmr/dddmr_x64_gazebo/install/champ_msgs/local/lib/python3.10/dist-packages/champ_msgs/msg/_point.py'...
[5.786s] Compiling '/home/yang/dddmr/dddmr_x64_gazebo/install/champ_msgs/local/lib/python3.10/dist-packages/champ_msgs/msg/_point_array.py'...
[5.786s] Compiling '/home/yang/dddmr/dddmr_x64_gazebo/install/champ_msgs/local/lib/python3.10/dist-packages/champ_msgs/msg/_pose.py'...
[5.786s] Compiling '/home/yang/dddmr/dddmr_x64_gazebo/install/champ_msgs/local/lib/python3.10/dist-packages/champ_msgs/msg/_velocities.py'...
[5.789s] -- Installing: /home/yang/dddmr/dddmr_x64_gazebo/install/champ_msgs/lib/libchamp_msgs__rosidl_generator_py.so
[5.789s] -- Set runtime path of "/home/yang/dddmr/dddmr_x64_gazebo/install/champ_msgs/lib/libchamp_msgs__rosidl_generator_py.so" to ""
[5.789s] -- Installing: /home/yang/dddmr/dddmr_x64_gazebo/install/champ_msgs/share/champ_msgs/cmake/export_champ_msgs__rosidl_generator_cExport.cmake
[5.789s] -- Installing: /home/yang/dddmr/dddmr_x64_gazebo/install/champ_msgs/share/champ_msgs/cmake/export_champ_msgs__rosidl_generator_cExport-release.cmake
[5.789s] -- Installing: /home/yang/dddmr/dddmr_x64_gazebo/install/champ_msgs/share/champ_msgs/cmake/export_champ_msgs__rosidl_typesupport_fastrtps_cExport.cmake
[5.789s] -- Installing: /home/yang/dddmr/dddmr_x64_gazebo/install/champ_msgs/share/champ_msgs/cmake/export_champ_msgs__rosidl_typesupport_fastrtps_cExport-release.cmake
[5.789s] -- Installing: /home/yang/dddmr/dddmr_x64_gazebo/install/champ_msgs/share/champ_msgs/cmake/champ_msgs__rosidl_typesupport_introspection_cExport.cmake
[5.789s] -- Installing: /home/yang/dddmr/dddmr_x64_gazebo/install/champ_msgs/share/champ_msgs/cmake/champ_msgs__rosidl_typesupport_introspection_cExport-release.cmake
[5.789s] -- Installing: /home/yang/dddmr/dddmr_x64_gazebo/install/champ_msgs/share/champ_msgs/cmake/champ_msgs__rosidl_typesupport_cExport.cmake
[5.789s] -- Installing: /home/yang/dddmr/dddmr_x64_gazebo/install/champ_msgs/share/champ_msgs/cmake/champ_msgs__rosidl_typesupport_cExport-release.cmake
[5.789s] -- Installing: /home/yang/dddmr/dddmr_x64_gazebo/install/champ_msgs/share/champ_msgs/cmake/export_champ_msgs__rosidl_generator_cppExport.cmake
[5.789s] -- Installing: /home/yang/dddmr/dddmr_x64_gazebo/install/champ_msgs/share/champ_msgs/cmake/export_champ_msgs__rosidl_typesupport_fastrtps_cppExport.cmake
[5.789s] -- Installing: /home/yang/dddmr/dddmr_x64_gazebo/install/champ_msgs/share/champ_msgs/cmake/export_champ_msgs__rosidl_typesupport_fastrtps_cppExport-release.cmake
[5.789s] -- Installing: /home/yang/dddmr/dddmr_x64_gazebo/install/champ_msgs/share/champ_msgs/cmake/champ_msgs__rosidl_typesupport_introspection_cppExport.cmake
[5.790s] -- Installing: /home/yang/dddmr/dddmr_x64_gazebo/install/champ_msgs/share/champ_msgs/cmake/champ_msgs__rosidl_typesupport_introspection_cppExport-release.cmake
[5.790s] -- Installing: /home/yang/dddmr/dddmr_x64_gazebo/install/champ_msgs/share/champ_msgs/cmake/champ_msgs__rosidl_typesupport_cppExport.cmake
[5.790s] -- Installing: /home/yang/dddmr/dddmr_x64_gazebo/install/champ_msgs/share/champ_msgs/cmake/champ_msgs__rosidl_typesupport_cppExport-release.cmake
[5.790s] -- Installing: /home/yang/dddmr/dddmr_x64_gazebo/install/champ_msgs/share/champ_msgs/cmake/export_champ_msgs__rosidl_generator_pyExport.cmake
[5.790s] -- Installing: /home/yang/dddmr/dddmr_x64_gazebo/install/champ_msgs/share/champ_msgs/cmake/export_champ_msgs__rosidl_generator_pyExport-release.cmake
[5.791s] Invoked command in '/home/yang/dddmr/dddmr_x64_gazebo/build/champ_msgs' returned '0': CMAKE_PREFIX_PATH=/opt/ros/humble /usr/bin/cmake --install /home/yang/dddmr/dddmr_x64_gazebo/build/champ_msgs
