[0.012s] Invoking command in '/home/yang/dddmr/dddmr_x64_gazebo/build/champ': CMAKE_PREFIX_PATH=/opt/ros/humble /usr/bin/cmake /home/yang/dddmr/dddmr_x64_gazebo/src/gz_quadbot/champ/champ -DCMAKE_BUILD_TYPE=Release -DAMENT_CMAKE_SYMLINK_INSTALL=1 -DCMAKE_INSTALL_PREFIX=/home/yang/dddmr/dddmr_x64_gazebo/install/champ
[0.045s] -- The C compiler identification is GNU 11.4.0
[0.075s] -- The CXX compiler identification is GNU 11.4.0
[0.078s] -- Detecting C compiler ABI info
[0.118s] -- Detecting C compiler ABI info - done
[0.123s] -- Check for working C compiler: /usr/bin/cc - skipped
[0.123s] -- Detecting C compile features
[0.123s] -- Detecting C compile features - done
[0.125s] -- Detecting CXX compiler ABI info
[0.171s] -- Detecting CXX compiler ABI info - done
[0.175s] -- Check for working CXX compiler: /usr/bin/c++ - skipped
[0.175s] -- Detecting CXX compile features
[0.176s] -- Detecting CXX compile features - done
[0.177s] -- Found ament_cmake: 1.3.13 (/opt/ros/humble/share/ament_cmake/cmake)
[0.280s] -- Found Python3: /usr/bin/python3 (found version "3.10.12") found components: Interpreter 
[0.316s] -- Override CMake install command with custom implementation using symlinks instead of copying resources
[0.327s] -- Found rclcpp: 16.0.18 (/opt/ros/humble/share/rclcpp/cmake)
[0.346s] -- Found rosidl_generator_c: 3.1.8 (/opt/ros/humble/share/rosidl_generator_c/cmake)
[0.348s] -- Found rosidl_adapter: 3.1.8 (/opt/ros/humble/share/rosidl_adapter/cmake)
[0.352s] -- Found rosidl_generator_cpp: 3.1.8 (/opt/ros/humble/share/rosidl_generator_cpp/cmake)
[0.358s] -- Using all available rosidl_typesupport_c: rosidl_typesupport_fastrtps_c;rosidl_typesupport_introspection_c
[0.367s] -- Using all available rosidl_typesupport_cpp: rosidl_typesupport_fastrtps_cpp;rosidl_typesupport_introspection_cpp
[0.386s] -- Found rmw_implementation_cmake: 6.1.2 (/opt/ros/humble/share/rmw_implementation_cmake/cmake)
[0.387s] -- Found rmw_fastrtps_cpp: 6.2.10 (/opt/ros/humble/share/rmw_fastrtps_cpp/cmake)
[0.434s] -- Found OpenSSL: /usr/lib/x86_64-linux-gnu/libcrypto.so (found version "3.0.2")  
[0.449s] -- Found FastRTPS: /opt/ros/humble/include  
[0.469s] -- Using RMW implementation 'rmw_fastrtps_cpp' as default
[0.473s] -- Looking for pthread.h
[0.515s] -- Looking for pthread.h - found
[0.515s] -- Performing Test CMAKE_HAVE_LIBC_PTHREAD
[0.563s] -- Performing Test CMAKE_HAVE_LIBC_PTHREAD - Success
[0.564s] -- Found Threads: TRUE  
[0.591s] -- Found ament_lint_auto: 0.12.15 (/opt/ros/humble/share/ament_lint_auto/cmake)
[0.626s] -- Configuring done
[0.628s] -- Generating done
[0.629s] -- Build files have been written to: /home/yang/dddmr/dddmr_x64_gazebo/build/champ
[0.635s] Invoked command in '/home/yang/dddmr/dddmr_x64_gazebo/build/champ' returned '0': CMAKE_PREFIX_PATH=/opt/ros/humble /usr/bin/cmake /home/yang/dddmr/dddmr_x64_gazebo/src/gz_quadbot/champ/champ -DCMAKE_BUILD_TYPE=Release -DAMENT_CMAKE_SYMLINK_INSTALL=1 -DCMAKE_INSTALL_PREFIX=/home/yang/dddmr/dddmr_x64_gazebo/install/champ
[0.636s] Invoking command in '/home/yang/dddmr/dddmr_x64_gazebo/build/champ': CMAKE_PREFIX_PATH=/opt/ros/humble /usr/bin/cmake --build /home/yang/dddmr/dddmr_x64_gazebo/build/champ -- -j24 -l24
[0.660s] Invoked command in '/home/yang/dddmr/dddmr_x64_gazebo/build/champ' returned '0': CMAKE_PREFIX_PATH=/opt/ros/humble /usr/bin/cmake --build /home/yang/dddmr/dddmr_x64_gazebo/build/champ -- -j24 -l24
[0.661s] Invoking command in '/home/yang/dddmr/dddmr_x64_gazebo/build/champ': CMAKE_PREFIX_PATH=/opt/ros/humble /usr/bin/cmake --install /home/yang/dddmr/dddmr_x64_gazebo/build/champ
[0.666s] -- Install configuration: "Release"
[0.667s] -- Execute custom install script
[0.667s] -- Symlinking: /home/yang/dddmr/dddmr_x64_gazebo/install/champ/include/champ/LICENSE
[0.672s] -- Symlinking: /home/yang/dddmr/dddmr_x64_gazebo/install/champ/include/champ/README.md
[0.676s] -- Symlinking: /home/yang/dddmr/dddmr_x64_gazebo/install/champ/include/champ/bla/basic_linear_algebra.h
[0.682s] -- Symlinking: /home/yang/dddmr/dddmr_x64_gazebo/install/champ/include/champ/bla/memory_delegate.h
[0.686s] -- Symlinking: /home/yang/dddmr/dddmr_x64_gazebo/install/champ/include/champ/body_controller/body_controller.h
[0.690s] -- Symlinking: /home/yang/dddmr/dddmr_x64_gazebo/install/champ/include/champ/geometry/geometry.h
[0.694s] -- Symlinking: /home/yang/dddmr/dddmr_x64_gazebo/install/champ/include/champ/kinematics/kinematics.h
[0.699s] -- Symlinking: /home/yang/dddmr/dddmr_x64_gazebo/install/champ/include/champ/leg_controller/leg_controller.h
[0.704s] -- Symlinking: /home/yang/dddmr/dddmr_x64_gazebo/install/champ/include/champ/leg_controller/phase_generator.h
[0.709s] -- Symlinking: /home/yang/dddmr/dddmr_x64_gazebo/install/champ/include/champ/leg_controller/trajectory_planner.h
[0.714s] -- Symlinking: /home/yang/dddmr/dddmr_x64_gazebo/install/champ/include/champ/macros/macros.h
[0.719s] -- Symlinking: /home/yang/dddmr/dddmr_x64_gazebo/install/champ/include/champ/odometry/odometry.h
[0.723s] -- Symlinking: /home/yang/dddmr/dddmr_x64_gazebo/install/champ/include/champ/quadruped_base/quadruped_base.h
[0.728s] -- Symlinking: /home/yang/dddmr/dddmr_x64_gazebo/install/champ/include/champ/quadruped_base/quadruped_components.h
[0.733s] -- Symlinking: /home/yang/dddmr/dddmr_x64_gazebo/install/champ/include/champ/quadruped_base/quadruped_joint.h
[0.739s] -- Symlinking: /home/yang/dddmr/dddmr_x64_gazebo/install/champ/include/champ/quadruped_base/quadruped_leg.h
[0.745s] -- Symlinking: /home/yang/dddmr/dddmr_x64_gazebo/install/champ/include/champ/utils/urdf_loader.h
[0.749s] -- Symlinking: /home/yang/dddmr/dddmr_x64_gazebo/install/champ/include/champ/utils/xmlrpc_helpers.h
[0.754s] -- Symlinking: /home/yang/dddmr/dddmr_x64_gazebo/install/champ/share/ament_index/resource_index/package_run_dependencies/champ
[0.760s] -- Symlinking: /home/yang/dddmr/dddmr_x64_gazebo/install/champ/share/ament_index/resource_index/parent_prefix_path/champ
[0.764s] -- Symlinking: /home/yang/dddmr/dddmr_x64_gazebo/install/champ/share/champ/environment/ament_prefix_path.sh
[0.768s] -- Symlinking: /home/yang/dddmr/dddmr_x64_gazebo/install/champ/share/champ/environment/ament_prefix_path.dsv
[0.773s] -- Symlinking: /home/yang/dddmr/dddmr_x64_gazebo/install/champ/share/champ/environment/path.sh
[0.778s] -- Symlinking: /home/yang/dddmr/dddmr_x64_gazebo/install/champ/share/champ/environment/path.dsv
[0.783s] -- Symlinking: /home/yang/dddmr/dddmr_x64_gazebo/install/champ/share/champ/local_setup.bash
[0.789s] -- Symlinking: /home/yang/dddmr/dddmr_x64_gazebo/install/champ/share/champ/local_setup.sh
[0.794s] -- Symlinking: /home/yang/dddmr/dddmr_x64_gazebo/install/champ/share/champ/local_setup.zsh
[0.800s] -- Symlinking: /home/yang/dddmr/dddmr_x64_gazebo/install/champ/share/champ/local_setup.dsv
[0.806s] -- Symlinking: /home/yang/dddmr/dddmr_x64_gazebo/install/champ/share/champ/package.dsv
[0.810s] -- Symlinking: /home/yang/dddmr/dddmr_x64_gazebo/install/champ/share/ament_index/resource_index/packages/champ
[0.814s] -- Symlinking: /home/yang/dddmr/dddmr_x64_gazebo/install/champ/share/champ/cmake/ament_cmake_export_include_directories-extras.cmake
[0.820s] -- Symlinking: /home/yang/dddmr/dddmr_x64_gazebo/install/champ/share/champ/cmake/champConfig.cmake
[0.826s] -- Symlinking: /home/yang/dddmr/dddmr_x64_gazebo/install/champ/share/champ/cmake/champConfig-version.cmake
[0.831s] -- Symlinking: /home/yang/dddmr/dddmr_x64_gazebo/install/champ/share/champ/package.xml
[0.838s] Invoked command in '/home/yang/dddmr/dddmr_x64_gazebo/build/champ' returned '0': CMAKE_PREFIX_PATH=/opt/ros/humble /usr/bin/cmake --install /home/yang/dddmr/dddmr_x64_gazebo/build/champ
