[0.011s] Invoking command in '/home/yang/dddmr/dddmr_x64_gazebo/build/champ_config': CMAKE_PREFIX_PATH=/opt/ros/humble /usr/bin/cmake /home/yang/dddmr/dddmr_x64_gazebo/src/gz_quadbot/champ/champ_config -DCMAKE_BUILD_TYPE=Release -DAMENT_CMAKE_SYMLINK_INSTALL=1 -DCMAKE_INSTALL_PREFIX=/home/yang/dddmr/dddmr_x64_gazebo/install/champ_config
[0.046s] -- The C compiler identification is GNU 11.4.0
[0.080s] -- The CXX compiler identification is GNU 11.4.0
[0.084s] -- Detecting C compiler ABI info
[0.123s] -- Detecting C compiler ABI info - done
[0.127s] -- Check for working C compiler: /usr/bin/cc - skipped
[0.127s] -- Detecting C compile features
[0.127s] -- Detecting C compile features - done
[0.129s] -- Detecting CXX compiler ABI info
[0.172s] -- Detecting CXX compiler ABI info - done
[0.176s] -- Check for working CXX compiler: /usr/bin/c++ - skipped
[0.177s] -- Detecting CXX compile features
[0.177s] -- Detecting CXX compile features - done
[0.178s] -- Found ament_cmake: 1.3.13 (/opt/ros/humble/share/ament_cmake/cmake)
[0.272s] -- Found Python3: /usr/bin/python3 (found version "3.10.12") found components: Interpreter 
[0.307s] -- Override CMake install command with custom implementation using symlinks instead of copying resources
[0.369s] -- Configuring done
[0.371s] -- Generating done
[0.373s] -- Build files have been written to: /home/yang/dddmr/dddmr_x64_gazebo/build/champ_config
[0.383s] Invoked command in '/home/yang/dddmr/dddmr_x64_gazebo/build/champ_config' returned '0': CMAKE_PREFIX_PATH=/opt/ros/humble /usr/bin/cmake /home/yang/dddmr/dddmr_x64_gazebo/src/gz_quadbot/champ/champ_config -DCMAKE_BUILD_TYPE=Release -DAMENT_CMAKE_SYMLINK_INSTALL=1 -DCMAKE_INSTALL_PREFIX=/home/yang/dddmr/dddmr_x64_gazebo/install/champ_config
[0.383s] Invoking command in '/home/yang/dddmr/dddmr_x64_gazebo/build/champ_config': CMAKE_PREFIX_PATH=/opt/ros/humble /usr/bin/cmake --build /home/yang/dddmr/dddmr_x64_gazebo/build/champ_config -- -j24 -l24
[0.403s] Invoked command in '/home/yang/dddmr/dddmr_x64_gazebo/build/champ_config' returned '0': CMAKE_PREFIX_PATH=/opt/ros/humble /usr/bin/cmake --build /home/yang/dddmr/dddmr_x64_gazebo/build/champ_config -- -j24 -l24
[0.405s] Invoking command in '/home/yang/dddmr/dddmr_x64_gazebo/build/champ_config': CMAKE_PREFIX_PATH=/opt/ros/humble /usr/bin/cmake --install /home/yang/dddmr/dddmr_x64_gazebo/build/champ_config
[0.409s] -- Install configuration: "Release"
[0.409s] -- Execute custom install script
[0.410s] -- Symlinking: /home/yang/dddmr/dddmr_x64_gazebo/install/champ_config/share/champ_config/launch/bringup.launch.py
[0.416s] -- Symlinking: /home/yang/dddmr/dddmr_x64_gazebo/install/champ_config/share/champ_config/launch/gazebo.launch.py
[0.421s] -- Symlinking: /home/yang/dddmr/dddmr_x64_gazebo/install/champ_config/share/champ_config/launch/navigate.launch.py
[0.427s] -- Symlinking: /home/yang/dddmr/dddmr_x64_gazebo/install/champ_config/share/champ_config/launch/slam.launch.py
[0.434s] -- Symlinking: /home/yang/dddmr/dddmr_x64_gazebo/install/champ_config/share/champ_config/config/autonomy/navigation.yaml
[0.438s] -- Symlinking: /home/yang/dddmr/dddmr_x64_gazebo/install/champ_config/share/champ_config/config/autonomy/slam.yaml
[0.442s] -- Symlinking: /home/yang/dddmr/dddmr_x64_gazebo/install/champ_config/share/champ_config/config/gait/gait.yaml
[0.446s] -- Symlinking: /home/yang/dddmr/dddmr_x64_gazebo/install/champ_config/share/champ_config/config/joints/joints.yaml
[0.451s] -- Symlinking: /home/yang/dddmr/dddmr_x64_gazebo/install/champ_config/share/champ_config/config/links/links.yaml
[0.457s] -- Symlinking: /home/yang/dddmr/dddmr_x64_gazebo/install/champ_config/share/champ_config/maps/map.pgm
[0.464s] -- Symlinking: /home/yang/dddmr/dddmr_x64_gazebo/install/champ_config/share/champ_config/maps/map.yaml
[0.470s] -- Symlinking: /home/yang/dddmr/dddmr_x64_gazebo/install/champ_config/share/champ_config/maps/playground.pgm
[0.476s] -- Symlinking: /home/yang/dddmr/dddmr_x64_gazebo/install/champ_config/share/champ_config/maps/playground.yaml
[0.482s] -- Symlinking: /home/yang/dddmr/dddmr_x64_gazebo/install/champ_config/share/champ_config/worlds/default.world
[0.488s] -- Symlinking: /home/yang/dddmr/dddmr_x64_gazebo/install/champ_config/share/champ_config/worlds/outdoor.world
[0.494s] -- Symlinking: /home/yang/dddmr/dddmr_x64_gazebo/install/champ_config/share/champ_config/worlds/playground.world
[0.498s] -- Symlinking: /home/yang/dddmr/dddmr_x64_gazebo/install/champ_config/share/ament_index/resource_index/package_run_dependencies/champ_config
[0.502s] -- Symlinking: /home/yang/dddmr/dddmr_x64_gazebo/install/champ_config/share/ament_index/resource_index/parent_prefix_path/champ_config
[0.509s] -- Symlinking: /home/yang/dddmr/dddmr_x64_gazebo/install/champ_config/share/champ_config/environment/ament_prefix_path.sh
[0.515s] -- Symlinking: /home/yang/dddmr/dddmr_x64_gazebo/install/champ_config/share/champ_config/environment/ament_prefix_path.dsv
[0.520s] -- Symlinking: /home/yang/dddmr/dddmr_x64_gazebo/install/champ_config/share/champ_config/environment/path.sh
[0.526s] -- Symlinking: /home/yang/dddmr/dddmr_x64_gazebo/install/champ_config/share/champ_config/environment/path.dsv
[0.533s] -- Symlinking: /home/yang/dddmr/dddmr_x64_gazebo/install/champ_config/share/champ_config/local_setup.bash
[0.539s] -- Symlinking: /home/yang/dddmr/dddmr_x64_gazebo/install/champ_config/share/champ_config/local_setup.sh
[0.543s] -- Symlinking: /home/yang/dddmr/dddmr_x64_gazebo/install/champ_config/share/champ_config/local_setup.zsh
[0.547s] -- Symlinking: /home/yang/dddmr/dddmr_x64_gazebo/install/champ_config/share/champ_config/local_setup.dsv
[0.551s] -- Symlinking: /home/yang/dddmr/dddmr_x64_gazebo/install/champ_config/share/champ_config/package.dsv
[0.558s] -- Symlinking: /home/yang/dddmr/dddmr_x64_gazebo/install/champ_config/share/ament_index/resource_index/packages/champ_config
[0.563s] -- Symlinking: /home/yang/dddmr/dddmr_x64_gazebo/install/champ_config/share/champ_config/cmake/champ_configConfig.cmake
[0.568s] -- Symlinking: /home/yang/dddmr/dddmr_x64_gazebo/install/champ_config/share/champ_config/cmake/champ_configConfig-version.cmake
[0.573s] -- Symlinking: /home/yang/dddmr/dddmr_x64_gazebo/install/champ_config/share/champ_config/package.xml
[0.581s] Invoked command in '/home/yang/dddmr/dddmr_x64_gazebo/build/champ_config' returned '0': CMAKE_PREFIX_PATH=/opt/ros/humble /usr/bin/cmake --install /home/yang/dddmr/dddmr_x64_gazebo/build/champ_config
