[0.007s] Invoking command in '/home/yang/dddmr/dddmr_x64_gazebo/build/champ_gazebo': AMENT_PREFIX_PATH=/home/yang/dddmr/dddmr_x64_gazebo/install/champ_msgs:/home/yang/dddmr/dddmr_x64_gazebo/install/champ:${AMENT_PREFIX_PATH} CMAKE_PREFIX_PATH=/home/yang/dddmr/dddmr_x64_gazebo/install/champ_msgs:/home/yang/dddmr/dddmr_x64_gazebo/install/champ:/opt/ros/humble LD_LIBRARY_PATH=/home/yang/dddmr/dddmr_x64_gazebo/install/champ_msgs/lib:${LD_LIBRARY_PATH} PYTHONPATH=/home/yang/dddmr/dddmr_x64_gazebo/install/champ_msgs/local/lib/python3.10/dist-packages:${PYTHONPATH} /usr/bin/cmake /home/yang/dddmr/dddmr_x64_gazebo/src/gz_quadbot/champ/champ_gazebo -DCMAKE_BUILD_TYPE=Release -DAMENT_CMAKE_SYMLINK_INSTALL=1 -DCMAKE_INSTALL_PREFIX=/home/yang/dddmr/dddmr_x64_gazebo/install/champ_gazebo
[0.016s] -- Found ament_cmake: 1.3.13 (/opt/ros/humble/share/ament_cmake/cmake)
[0.082s] -- Override CMake install command with custom implementation using symlinks instead of copying resources
[0.085s] -- Found rclcpp: 16.0.18 (/opt/ros/humble/share/rclcpp/cmake)
[0.099s] -- Found rosidl_generator_c: 3.1.8 (/opt/ros/humble/share/rosidl_generator_c/cmake)
[0.100s] -- Found rosidl_adapter: 3.1.8 (/opt/ros/humble/share/rosidl_adapter/cmake)
[0.103s] -- Found rosidl_generator_cpp: 3.1.8 (/opt/ros/humble/share/rosidl_generator_cpp/cmake)
[0.108s] -- Using all available rosidl_typesupport_c: rosidl_typesupport_fastrtps_c;rosidl_typesupport_introspection_c
[0.114s] -- Using all available rosidl_typesupport_cpp: rosidl_typesupport_fastrtps_cpp;rosidl_typesupport_introspection_cpp
[0.130s] -- Found rmw_implementation_cmake: 6.1.2 (/opt/ros/humble/share/rmw_implementation_cmake/cmake)
[0.130s] -- Found rmw_fastrtps_cpp: 6.2.10 (/opt/ros/humble/share/rmw_fastrtps_cpp/cmake)
[0.181s] -- Using RMW implementation 'rmw_fastrtps_cpp' as default
[0.205s] -- Found urdf: 2.6.1 (/opt/ros/humble/share/urdf/cmake)
[0.215s] -- Found champ: 0.1.0 (/home/yang/dddmr/dddmr_x64_gazebo/install/champ/share/champ/cmake)
[0.215s] -- Found champ_msgs: 0.1.0 (/home/yang/dddmr/dddmr_x64_gazebo/install/champ_msgs/share/champ_msgs/cmake)
[0.229s] -- Found gazebo_ros2_control: 0.4.10 (/opt/ros/humble/share/gazebo_ros2_control/cmake)
[0.309s] -- Found PkgConfig: /usr/bin/pkg-config (found version "0.29.2") 
[0.310s] -- Checking for module 'bullet>=2.82'
[0.319s] --   Found bullet, version 3.05
[0.382s] -- Found fcl: /usr/include (found suitable version "0.7.0", minimum required is "0.5.0") 
[0.416s] -- Found assimp: /usr/include (found version "5.2.0") 
[0.425s] -- Found DART: /usr/include (Required is at least version "6.6") found components: dart 
[0.440s] -- Found Boost: /usr/lib/x86_64-linux-gnu/cmake/Boost-1.74.0/BoostConfig.cmake (found suitable version "1.74.0", minimum required is "1.40.0") found components: thread system filesystem program_options regex iostreams date_time 
[0.449s] -- Found Protobuf: /usr/lib/x86_64-linux-gnu/libprotobuf.so (found version "3.12.4") 
[0.453s] -- Looking for ignition-math6 -- found version 6.15.1
[0.456s] -- Searching for dependencies of ignition-math6
[0.457s] -- Looking for OGRE...
[0.457s] -- OGRE_PREFIX_WATCH changed.
[0.461s] -- Checking for module 'OGRE'
[0.470s] --   Found OGRE, version 1.9.0
[0.492s] -- Found Ogre Ghadamon (1.9.0)
[0.497s] -- Found OGRE: optimized;/usr/lib/x86_64-linux-gnu/libOgreMain.so;debug;/usr/lib/x86_64-linux-gnu/libOgreMain.so
[0.502s] -- Looking for OGRE_Paging...
[0.505s] -- Found OGRE_Paging: optimized;/usr/lib/x86_64-linux-gnu/libOgrePaging.so;debug;/usr/lib/x86_64-linux-gnu/libOgrePaging.so
[0.505s] -- Looking for OGRE_Terrain...
[0.507s] -- Found OGRE_Terrain: optimized;/usr/lib/x86_64-linux-gnu/libOgreTerrain.so;debug;/usr/lib/x86_64-linux-gnu/libOgreTerrain.so
[0.507s] -- Looking for OGRE_Property...
[0.509s] -- Found OGRE_Property: optimized;/usr/lib/x86_64-linux-gnu/libOgreProperty.so;debug;/usr/lib/x86_64-linux-gnu/libOgreProperty.so
[0.509s] -- Looking for OGRE_RTShaderSystem...
[0.511s] -- Found OGRE_RTShaderSystem: optimized;/usr/lib/x86_64-linux-gnu/libOgreRTShaderSystem.so;debug;/usr/lib/x86_64-linux-gnu/libOgreRTShaderSystem.so
[0.511s] -- Looking for OGRE_Volume...
[0.513s] -- Found OGRE_Volume: optimized;/usr/lib/x86_64-linux-gnu/libOgreVolume.so;debug;/usr/lib/x86_64-linux-gnu/libOgreVolume.so
[0.513s] -- Looking for OGRE_Overlay...
[0.516s] -- Found OGRE_Overlay: optimized;/usr/lib/x86_64-linux-gnu/libOgreOverlay.so;debug;/usr/lib/x86_64-linux-gnu/libOgreOverlay.so
[0.563s] -- Looking for ignition-math6 -- found version 6.15.1
[0.563s] -- Looking for ignition-transport8 -- found version 8.2.1
[0.564s] -- Searching for dependencies of ignition-transport8
[0.581s] -- Found Protobuf: /usr/lib/x86_64-linux-gnu/libprotobuf.so (found suitable version "3.12.4", minimum required is "3") 
[0.589s] -- Config-file not installed for ZeroMQ -- checking for pkg-config
[0.593s] -- Checking for module 'libzmq >= 4'
[0.603s] --   Found libzmq , version 4.3.4
[0.627s] -- Found ZeroMQ: TRUE (Required is at least version "4") 
[0.631s] -- Checking for module 'uuid'
[0.639s] --   Found uuid, version 2.37.2
[0.669s] -- Found UUID: TRUE  
[0.671s] -- Looking for ignition-msgs5 -- found version 5.8.1
[0.672s] -- Searching for dependencies of ignition-msgs5
[0.692s] -- Looking for ignition-math6 -- found version 6.15.1
[0.698s] -- Checking for module 'tinyxml2'
[0.719s] --   Found tinyxml2, version 9.0.0
[0.759s] -- Looking for ignition-msgs5 -- found version 5.8.1
[0.760s] -- Looking for ignition-common3 -- found version 3.14.0
[0.760s] -- Searching for dependencies of ignition-common3
[0.760s] -- Looking for dlfcn.h - found
[0.761s] -- Looking for libdl - found
[0.762s] -- Found DL: TRUE  
[0.767s] -- Found tinyobjloader: /usr/lib/x86_64-linux-gnu/cmake/tinyobjloader/tinyobjloader-config.cmake (found version "2.0.0") 
[0.768s] -- Searching for <ignition-common3> component [graphics]
[0.768s] -- Looking for ignition-common3-graphics -- found version 3.14.0
[0.769s] -- Searching for dependencies of ignition-common3-graphics
[0.769s] -- Looking for ignition-math6 -- found version 6.15.1
[0.770s] -- Looking for ignition-fuel_tools4 -- found version 4.4.0
[0.770s] -- Searching for dependencies of ignition-fuel_tools4
[0.817s] -- Found CURL: /usr/lib/x86_64-linux-gnu/libcurl.so (found version "7.81.0")  
[0.823s] -- Checking for module 'jsoncpp'
[0.832s] --   Found jsoncpp, version 1.9.5
[0.855s] -- Found JSONCPP: TRUE  
[0.859s] -- Checking for module 'libzip'
[0.867s] --   Found libzip, version 1.7.3
[0.898s] -- Found ZIP: TRUE  
[0.898s] -- Looking for ignition-common3 -- found version 3.14.0
[0.899s] -- Looking for ignition-math6 -- found version 6.15.1
[0.899s] -- Looking for ignition-msgs5 -- found version 5.8.1
[0.902s] -- Gazebo version: 11.10
[0.902s] -- Checking for module 'tbb'
[0.915s] --   Found tbb, version 2021.5.0
[1.022s] -- Configuring done
[1.040s] -- Generating done
[1.044s] -- Build files have been written to: /home/yang/dddmr/dddmr_x64_gazebo/build/champ_gazebo
[1.052s] Invoked command in '/home/yang/dddmr/dddmr_x64_gazebo/build/champ_gazebo' returned '0': AMENT_PREFIX_PATH=/home/yang/dddmr/dddmr_x64_gazebo/install/champ_msgs:/home/yang/dddmr/dddmr_x64_gazebo/install/champ:${AMENT_PREFIX_PATH} CMAKE_PREFIX_PATH=/home/yang/dddmr/dddmr_x64_gazebo/install/champ_msgs:/home/yang/dddmr/dddmr_x64_gazebo/install/champ:/opt/ros/humble LD_LIBRARY_PATH=/home/yang/dddmr/dddmr_x64_gazebo/install/champ_msgs/lib:${LD_LIBRARY_PATH} PYTHONPATH=/home/yang/dddmr/dddmr_x64_gazebo/install/champ_msgs/local/lib/python3.10/dist-packages:${PYTHONPATH} /usr/bin/cmake /home/yang/dddmr/dddmr_x64_gazebo/src/gz_quadbot/champ/champ_gazebo -DCMAKE_BUILD_TYPE=Release -DAMENT_CMAKE_SYMLINK_INSTALL=1 -DCMAKE_INSTALL_PREFIX=/home/yang/dddmr/dddmr_x64_gazebo/install/champ_gazebo
[1.053s] Invoking command in '/home/yang/dddmr/dddmr_x64_gazebo/build/champ_gazebo': AMENT_PREFIX_PATH=/home/yang/dddmr/dddmr_x64_gazebo/install/champ_msgs:/home/yang/dddmr/dddmr_x64_gazebo/install/champ:${AMENT_PREFIX_PATH} CMAKE_PREFIX_PATH=/home/yang/dddmr/dddmr_x64_gazebo/install/champ_msgs:/home/yang/dddmr/dddmr_x64_gazebo/install/champ:/opt/ros/humble LD_LIBRARY_PATH=/home/yang/dddmr/dddmr_x64_gazebo/install/champ_msgs/lib:${LD_LIBRARY_PATH} PYTHONPATH=/home/yang/dddmr/dddmr_x64_gazebo/install/champ_msgs/local/lib/python3.10/dist-packages:${PYTHONPATH} /usr/bin/cmake --build /home/yang/dddmr/dddmr_x64_gazebo/build/champ_gazebo -- -j24 -l24
[1.088s] [ 50%] [32mBuilding CXX object CMakeFiles/contact_sensor.dir/src/contact_sensor.cpp.o[0m
[10.694s] [100%] [32m[1mLinking CXX executable contact_sensor[0m
[11.275s] [100%] Built target contact_sensor
[11.285s] Invoked command in '/home/yang/dddmr/dddmr_x64_gazebo/build/champ_gazebo' returned '0': AMENT_PREFIX_PATH=/home/yang/dddmr/dddmr_x64_gazebo/install/champ_msgs:/home/yang/dddmr/dddmr_x64_gazebo/install/champ:${AMENT_PREFIX_PATH} CMAKE_PREFIX_PATH=/home/yang/dddmr/dddmr_x64_gazebo/install/champ_msgs:/home/yang/dddmr/dddmr_x64_gazebo/install/champ:/opt/ros/humble LD_LIBRARY_PATH=/home/yang/dddmr/dddmr_x64_gazebo/install/champ_msgs/lib:${LD_LIBRARY_PATH} PYTHONPATH=/home/yang/dddmr/dddmr_x64_gazebo/install/champ_msgs/local/lib/python3.10/dist-packages:${PYTHONPATH} /usr/bin/cmake --build /home/yang/dddmr/dddmr_x64_gazebo/build/champ_gazebo -- -j24 -l24
[11.286s] Invoking command in '/home/yang/dddmr/dddmr_x64_gazebo/build/champ_gazebo': AMENT_PREFIX_PATH=/home/yang/dddmr/dddmr_x64_gazebo/install/champ_msgs:/home/yang/dddmr/dddmr_x64_gazebo/install/champ:${AMENT_PREFIX_PATH} CMAKE_PREFIX_PATH=/home/yang/dddmr/dddmr_x64_gazebo/install/champ_msgs:/home/yang/dddmr/dddmr_x64_gazebo/install/champ:/opt/ros/humble LD_LIBRARY_PATH=/home/yang/dddmr/dddmr_x64_gazebo/install/champ_msgs/lib:${LD_LIBRARY_PATH} PYTHONPATH=/home/yang/dddmr/dddmr_x64_gazebo/install/champ_msgs/local/lib/python3.10/dist-packages:${PYTHONPATH} /usr/bin/cmake --install /home/yang/dddmr/dddmr_x64_gazebo/build/champ_gazebo
[11.292s] -- Install configuration: "Release"
[11.292s] -- Execute custom install script
[11.293s] -- Symlinking: /home/yang/dddmr/dddmr_x64_gazebo/install/champ_gazebo/bin/imu_sensor.py
[11.299s] -- Symlinking: /home/yang/dddmr/dddmr_x64_gazebo/install/champ_gazebo/bin/odometry_tf.py
[11.305s] -- Symlinking: /home/yang/dddmr/dddmr_x64_gazebo/install/champ_gazebo/bin/odometry.py
[11.309s] -- Symlinking: /home/yang/dddmr/dddmr_x64_gazebo/install/champ_gazebo/lib/champ_gazebo/contact_sensor
[11.313s] -- Symlinking: /home/yang/dddmr/dddmr_x64_gazebo/install/champ_gazebo/share/champ_gazebo/launch/gazebo.launch
[11.319s] -- Symlinking: /home/yang/dddmr/dddmr_x64_gazebo/install/champ_gazebo/share/champ_gazebo/launch/gazebo.launch.py
[11.323s] -- Symlinking: /home/yang/dddmr/dddmr_x64_gazebo/install/champ_gazebo/share/champ_gazebo/launch/spawn_robot.launch
[11.328s] -- Symlinking: /home/yang/dddmr/dddmr_x64_gazebo/install/champ_gazebo/share/champ_gazebo/launch/spawn_world.launch
[11.332s] -- Symlinking: /home/yang/dddmr/dddmr_x64_gazebo/install/champ_gazebo/share/champ_gazebo/config/gazebo.yaml
[11.336s] -- Symlinking: /home/yang/dddmr/dddmr_x64_gazebo/install/champ_gazebo/share/champ_gazebo/config/ros_control.yaml
[11.342s] -- Symlinking: /home/yang/dddmr/dddmr_x64_gazebo/install/champ_gazebo/share/champ_gazebo/worlds/default.world
[11.347s] -- Symlinking: /home/yang/dddmr/dddmr_x64_gazebo/install/champ_gazebo/share/champ_gazebo/worlds/outdoor.world
[11.354s] -- Symlinking: /home/yang/dddmr/dddmr_x64_gazebo/install/champ_gazebo/share/champ_gazebo/worlds/playground.world
[11.358s] -- Symlinking: /home/yang/dddmr/dddmr_x64_gazebo/install/champ_gazebo/share/ament_index/resource_index/package_run_dependencies/champ_gazebo
[11.364s] -- Symlinking: /home/yang/dddmr/dddmr_x64_gazebo/install/champ_gazebo/share/ament_index/resource_index/parent_prefix_path/champ_gazebo
[11.370s] -- Symlinking: /home/yang/dddmr/dddmr_x64_gazebo/install/champ_gazebo/share/champ_gazebo/environment/ament_prefix_path.sh
[11.379s] -- Symlinking: /home/yang/dddmr/dddmr_x64_gazebo/install/champ_gazebo/share/champ_gazebo/environment/ament_prefix_path.dsv
[11.390s] -- Symlinking: /home/yang/dddmr/dddmr_x64_gazebo/install/champ_gazebo/share/champ_gazebo/environment/path.sh
[11.400s] -- Symlinking: /home/yang/dddmr/dddmr_x64_gazebo/install/champ_gazebo/share/champ_gazebo/environment/path.dsv
[11.408s] -- Symlinking: /home/yang/dddmr/dddmr_x64_gazebo/install/champ_gazebo/share/champ_gazebo/local_setup.bash
[11.416s] -- Symlinking: /home/yang/dddmr/dddmr_x64_gazebo/install/champ_gazebo/share/champ_gazebo/local_setup.sh
[11.427s] -- Symlinking: /home/yang/dddmr/dddmr_x64_gazebo/install/champ_gazebo/share/champ_gazebo/local_setup.zsh
[11.437s] -- Symlinking: /home/yang/dddmr/dddmr_x64_gazebo/install/champ_gazebo/share/champ_gazebo/local_setup.dsv
[11.449s] -- Symlinking: /home/yang/dddmr/dddmr_x64_gazebo/install/champ_gazebo/share/champ_gazebo/package.dsv
[11.462s] -- Symlinking: /home/yang/dddmr/dddmr_x64_gazebo/install/champ_gazebo/share/ament_index/resource_index/packages/champ_gazebo
[11.480s] -- Symlinking: /home/yang/dddmr/dddmr_x64_gazebo/install/champ_gazebo/share/champ_gazebo/cmake/ament_cmake_export_include_directories-extras.cmake
[11.498s] -- Symlinking: /home/yang/dddmr/dddmr_x64_gazebo/install/champ_gazebo/share/champ_gazebo/cmake/ament_cmake_export_dependencies-extras.cmake
[11.510s] -- Symlinking: /home/yang/dddmr/dddmr_x64_gazebo/install/champ_gazebo/share/champ_gazebo/cmake/champ_gazeboConfig.cmake
[11.522s] -- Symlinking: /home/yang/dddmr/dddmr_x64_gazebo/install/champ_gazebo/share/champ_gazebo/cmake/champ_gazeboConfig-version.cmake
[11.538s] -- Symlinking: /home/yang/dddmr/dddmr_x64_gazebo/install/champ_gazebo/share/champ_gazebo/package.xml
[11.560s] Invoked command in '/home/yang/dddmr/dddmr_x64_gazebo/build/champ_gazebo' returned '0': AMENT_PREFIX_PATH=/home/yang/dddmr/dddmr_x64_gazebo/install/champ_msgs:/home/yang/dddmr/dddmr_x64_gazebo/install/champ:${AMENT_PREFIX_PATH} CMAKE_PREFIX_PATH=/home/yang/dddmr/dddmr_x64_gazebo/install/champ_msgs:/home/yang/dddmr/dddmr_x64_gazebo/install/champ:/opt/ros/humble LD_LIBRARY_PATH=/home/yang/dddmr/dddmr_x64_gazebo/install/champ_msgs/lib:${LD_LIBRARY_PATH} PYTHONPATH=/home/yang/dddmr/dddmr_x64_gazebo/install/champ_msgs/local/lib/python3.10/dist-packages:${PYTHONPATH} /usr/bin/cmake --install /home/yang/dddmr/dddmr_x64_gazebo/build/champ_gazebo
