[0.006s] Invoking command in '/home/yang/dddmr/dddmr_x64_gazebo/build/champ_base': AMENT_PREFIX_PATH=/home/yang/dddmr/dddmr_x64_gazebo/install/champ_msgs:/home/yang/dddmr/dddmr_x64_gazebo/install/champ:${AMENT_PREFIX_PATH} CMAKE_PREFIX_PATH=/home/yang/dddmr/dddmr_x64_gazebo/install/champ_msgs:/home/yang/dddmr/dddmr_x64_gazebo/install/champ:/opt/ros/humble LD_LIBRARY_PATH=/home/yang/dddmr/dddmr_x64_gazebo/install/champ_msgs/lib:${LD_LIBRARY_PATH} PYTHONPATH=/home/yang/dddmr/dddmr_x64_gazebo/install/champ_msgs/local/lib/python3.10/dist-packages:${PYTHONPATH} /usr/bin/cmake /home/yang/dddmr/dddmr_x64_gazebo/src/gz_quadbot/champ/champ_base -DCMAKE_BUILD_TYPE=Release -DAMENT_CMAKE_SYMLINK_INSTALL=1 -DCMAKE_INSTALL_PREFIX=/home/yang/dddmr/dddmr_x64_gazebo/install/champ_base
[0.056s] -- The C compiler identification is GNU 11.4.0
[0.091s] -- The CXX compiler identification is GNU 11.4.0
[0.096s] -- Detecting C compiler ABI info
[0.162s] -- Detecting C compiler ABI info - done
[0.167s] -- Check for working C compiler: /usr/bin/cc - skipped
[0.167s] -- Detecting C compile features
[0.168s] -- Detecting C compile features - done
[0.169s] -- Detecting CXX compiler ABI info
[0.244s] -- Detecting CXX compiler ABI info - done
[0.248s] -- Check for working CXX compiler: /usr/bin/c++ - skipped
[0.248s] -- Detecting CXX compile features
[0.248s] -- Detecting CXX compile features - done
[0.249s] -- Found ament_cmake: 1.3.13 (/opt/ros/humble/share/ament_cmake/cmake)
[0.332s] -- Found Python3: /usr/bin/python3 (found version "3.10.12") found components: Interpreter 
[0.369s] -- Override CMake install command with custom implementation using symlinks instead of copying resources
[0.380s] -- Found rclcpp: 16.0.18 (/opt/ros/humble/share/rclcpp/cmake)
[0.403s] -- Found rosidl_generator_c: 3.1.8 (/opt/ros/humble/share/rosidl_generator_c/cmake)
[0.405s] -- Found rosidl_adapter: 3.1.8 (/opt/ros/humble/share/rosidl_adapter/cmake)
[0.409s] -- Found rosidl_generator_cpp: 3.1.8 (/opt/ros/humble/share/rosidl_generator_cpp/cmake)
[0.415s] -- Using all available rosidl_typesupport_c: rosidl_typesupport_fastrtps_c;rosidl_typesupport_introspection_c
[0.422s] -- Using all available rosidl_typesupport_cpp: rosidl_typesupport_fastrtps_cpp;rosidl_typesupport_introspection_cpp
[0.442s] -- Found rmw_implementation_cmake: 6.1.2 (/opt/ros/humble/share/rmw_implementation_cmake/cmake)
[0.444s] -- Found rmw_fastrtps_cpp: 6.2.10 (/opt/ros/humble/share/rmw_fastrtps_cpp/cmake)
[0.498s] -- Found OpenSSL: /usr/lib/x86_64-linux-gnu/libcrypto.so (found version "3.0.2")  
[0.513s] -- Found FastRTPS: /opt/ros/humble/include  
[0.534s] -- Using RMW implementation 'rmw_fastrtps_cpp' as default
[0.538s] -- Looking for pthread.h
[0.595s] -- Looking for pthread.h - found
[0.596s] -- Performing Test CMAKE_HAVE_LIBC_PTHREAD
[0.677s] -- Performing Test CMAKE_HAVE_LIBC_PTHREAD - Success
[0.678s] -- Found Threads: TRUE  
[0.705s] -- Found rclpy: 3.3.20 (/opt/ros/humble/share/rclpy/cmake)
[0.705s] -- Found champ_msgs: 0.1.0 (/home/yang/dddmr/dddmr_x64_gazebo/install/champ_msgs/share/champ_msgs/cmake)
[0.719s] -- Found visualization_msgs: 4.9.1 (/opt/ros/humble/share/visualization_msgs/cmake)
[0.739s] -- Found trajectory_msgs: 4.9.1 (/opt/ros/humble/share/trajectory_msgs/cmake)
[0.750s] -- Found nav_msgs: 4.9.1 (/opt/ros/humble/share/nav_msgs/cmake)
[0.758s] -- Found tf2_ros: 0.25.19 (/opt/ros/humble/share/tf2_ros/cmake)
[0.805s] -- Found urdf: 2.6.1 (/opt/ros/humble/share/urdf/cmake)
[0.816s] -- Found champ: 0.1.0 (/home/yang/dddmr/dddmr_x64_gazebo/install/champ/share/champ/cmake)
[0.862s] -- Configuring done
[0.882s] -- Generating done
[0.890s] -- Build files have been written to: /home/yang/dddmr/dddmr_x64_gazebo/build/champ_base
