[0.007s] Invoking command in '/home/yang/dddmr/dddmr_x64_gazebo/build/champ_gazebo': AMENT_PREFIX_PATH=/home/yang/dddmr/dddmr_x64_gazebo/install/champ_msgs:/home/yang/dddmr/dddmr_x64_gazebo/install/champ:${AMENT_PREFIX_PATH} CMAKE_PREFIX_PATH=/home/yang/dddmr/dddmr_x64_gazebo/install/champ_msgs:/home/yang/dddmr/dddmr_x64_gazebo/install/champ:/opt/ros/humble LD_LIBRARY_PATH=/home/yang/dddmr/dddmr_x64_gazebo/install/champ_msgs/lib:${LD_LIBRARY_PATH} PYTHONPATH=/home/yang/dddmr/dddmr_x64_gazebo/install/champ_msgs/local/lib/python3.10/dist-packages:${PYTHONPATH} /usr/bin/cmake /home/yang/dddmr/dddmr_x64_gazebo/src/gz_quadbot/champ/champ_gazebo -DCMAKE_BUILD_TYPE=Release -DAMENT_CMAKE_SYMLINK_INSTALL=1 -DCMAKE_INSTALL_PREFIX=/home/yang/dddmr/dddmr_x64_gazebo/install/champ_gazebo
[0.016s] -- Found ament_cmake: 1.3.13 (/opt/ros/humble/share/ament_cmake/cmake)
[0.083s] -- Override CMake install command with custom implementation using symlinks instead of copying resources
[0.086s] -- Found rclcpp: 16.0.18 (/opt/ros/humble/share/rclcpp/cmake)
[0.100s] -- Found rosidl_generator_c: 3.1.8 (/opt/ros/humble/share/rosidl_generator_c/cmake)
[0.101s] -- Found rosidl_adapter: 3.1.8 (/opt/ros/humble/share/rosidl_adapter/cmake)
[0.104s] -- Found rosidl_generator_cpp: 3.1.8 (/opt/ros/humble/share/rosidl_generator_cpp/cmake)
[0.109s] -- Using all available rosidl_typesupport_c: rosidl_typesupport_fastrtps_c;rosidl_typesupport_introspection_c
[0.115s] -- Using all available rosidl_typesupport_cpp: rosidl_typesupport_fastrtps_cpp;rosidl_typesupport_introspection_cpp
[0.131s] -- Found rmw_implementation_cmake: 6.1.2 (/opt/ros/humble/share/rmw_implementation_cmake/cmake)
[0.132s] -- Found rmw_fastrtps_cpp: 6.2.10 (/opt/ros/humble/share/rmw_fastrtps_cpp/cmake)
[0.183s] -- Using RMW implementation 'rmw_fastrtps_cpp' as default
[0.207s] -- Found urdf: 2.6.1 (/opt/ros/humble/share/urdf/cmake)
[0.217s] -- Found champ: 0.1.0 (/home/yang/dddmr/dddmr_x64_gazebo/install/champ/share/champ/cmake)
[0.217s] -- Found champ_msgs: 0.1.0 (/home/yang/dddmr/dddmr_x64_gazebo/install/champ_msgs/share/champ_msgs/cmake)
[0.235s] [31mCMake Error at CMakeLists.txt:11 (find_package):
[0.235s]   By not providing "Findgazebo_ros2_control.cmake" in CMAKE_MODULE_PATH this
[0.235s]   project has asked CMake to find a package configuration file provided by
[0.235s]   "gazebo_ros2_control", but CMake did not find one.
[0.235s] 
[0.235s]   Could not find a package configuration file provided by
[0.235s]   "gazebo_ros2_control" with any of the following names:
[0.235s] 
[0.235s]     gazebo_ros2_controlConfig.cmake
[0.236s]     gazebo_ros2_control-config.cmake
[0.236s] 
[0.236s]   Add the installation prefix of "gazebo_ros2_control" to CMAKE_PREFIX_PATH
[0.236s]   or set "gazebo_ros2_control_DIR" to a directory containing one of the above
[0.236s]   files.  If "gazebo_ros2_control" provides a separate development package or
[0.236s]   SDK, be sure it has been installed.
[0.236s] 
[0.236s] [0m
[0.236s] -- Configuring incomplete, errors occurred!
[0.236s] See also "/home/yang/dddmr/dddmr_x64_gazebo/build/champ_gazebo/CMakeFiles/CMakeOutput.log".
[0.240s] Invoked command in '/home/yang/dddmr/dddmr_x64_gazebo/build/champ_gazebo' returned '1': AMENT_PREFIX_PATH=/home/yang/dddmr/dddmr_x64_gazebo/install/champ_msgs:/home/yang/dddmr/dddmr_x64_gazebo/install/champ:${AMENT_PREFIX_PATH} CMAKE_PREFIX_PATH=/home/yang/dddmr/dddmr_x64_gazebo/install/champ_msgs:/home/yang/dddmr/dddmr_x64_gazebo/install/champ:/opt/ros/humble LD_LIBRARY_PATH=/home/yang/dddmr/dddmr_x64_gazebo/install/champ_msgs/lib:${LD_LIBRARY_PATH} PYTHONPATH=/home/yang/dddmr/dddmr_x64_gazebo/install/champ_msgs/local/lib/python3.10/dist-packages:${PYTHONPATH} /usr/bin/cmake /home/yang/dddmr/dddmr_x64_gazebo/src/gz_quadbot/champ/champ_gazebo -DCMAKE_BUILD_TYPE=Release -DAMENT_CMAKE_SYMLINK_INSTALL=1 -DCMAKE_INSTALL_PREFIX=/home/yang/dddmr/dddmr_x64_gazebo/install/champ_gazebo
