[0.016s] Invoking command in '/home/yang/dddmr/dddmr_x64_gazebo/build/champ_navigation': CMAKE_PREFIX_PATH=/opt/ros/humble /usr/bin/cmake --build /home/yang/dddmr/dddmr_x64_gazebo/build/champ_navigation -- -j24 -l24
[0.038s] Invoked command in '/home/yang/dddmr/dddmr_x64_gazebo/build/champ_navigation' returned '0': CMAKE_PREFIX_PATH=/opt/ros/humble /usr/bin/cmake --build /home/yang/dddmr/dddmr_x64_gazebo/build/champ_navigation -- -j24 -l24
[0.039s] Invoking command in '/home/yang/dddmr/dddmr_x64_gazebo/build/champ_navigation': CMAKE_PREFIX_PATH=/opt/ros/humble /usr/bin/cmake --install /home/yang/dddmr/dddmr_x64_gazebo/build/champ_navigation
[0.045s] -- Install configuration: "Release"
[0.045s] -- Execute custom install script
[0.045s] -- Up-to-date symlink: /home/yang/dddmr/dddmr_x64_gazebo/install/champ_navigation/share/champ_navigation/launch/navigate.launch.py
[0.045s] -- Up-to-date symlink: /home/yang/dddmr/dddmr_x64_gazebo/install/champ_navigation/share/champ_navigation/launch/slam.launch.py
[0.045s] -- Up-to-date symlink: /home/yang/dddmr/dddmr_x64_gazebo/install/champ_navigation/share/champ_navigation/rviz/navigation.rviz
[0.046s] -- Up-to-date symlink: /home/yang/dddmr/dddmr_x64_gazebo/install/champ_navigation/share/champ_navigation/rviz/navigation_minimal.rviz
[0.046s] -- Up-to-date symlink: /home/yang/dddmr/dddmr_x64_gazebo/install/champ_navigation/share/champ_navigation/rviz/slam.rviz
[0.046s] -- Up-to-date symlink: /home/yang/dddmr/dddmr_x64_gazebo/install/champ_navigation/share/ament_index/resource_index/package_run_dependencies/champ_navigation
[0.046s] -- Up-to-date symlink: /home/yang/dddmr/dddmr_x64_gazebo/install/champ_navigation/share/ament_index/resource_index/parent_prefix_path/champ_navigation
[0.046s] -- Up-to-date symlink: /home/yang/dddmr/dddmr_x64_gazebo/install/champ_navigation/share/champ_navigation/environment/ament_prefix_path.sh
[0.046s] -- Up-to-date symlink: /home/yang/dddmr/dddmr_x64_gazebo/install/champ_navigation/share/champ_navigation/environment/ament_prefix_path.dsv
[0.046s] -- Up-to-date symlink: /home/yang/dddmr/dddmr_x64_gazebo/install/champ_navigation/share/champ_navigation/environment/path.sh
[0.046s] -- Up-to-date symlink: /home/yang/dddmr/dddmr_x64_gazebo/install/champ_navigation/share/champ_navigation/environment/path.dsv
[0.046s] -- Up-to-date symlink: /home/yang/dddmr/dddmr_x64_gazebo/install/champ_navigation/share/champ_navigation/local_setup.bash
[0.046s] -- Up-to-date symlink: /home/yang/dddmr/dddmr_x64_gazebo/install/champ_navigation/share/champ_navigation/local_setup.sh
[0.046s] -- Up-to-date symlink: /home/yang/dddmr/dddmr_x64_gazebo/install/champ_navigation/share/champ_navigation/local_setup.zsh
[0.046s] -- Up-to-date symlink: /home/yang/dddmr/dddmr_x64_gazebo/install/champ_navigation/share/champ_navigation/local_setup.dsv
[0.046s] -- Symlinking: /home/yang/dddmr/dddmr_x64_gazebo/install/champ_navigation/share/champ_navigation/package.dsv
[0.048s] -- Up-to-date symlink: /home/yang/dddmr/dddmr_x64_gazebo/install/champ_navigation/share/ament_index/resource_index/packages/champ_navigation
[0.048s] -- Up-to-date symlink: /home/yang/dddmr/dddmr_x64_gazebo/install/champ_navigation/share/champ_navigation/cmake/champ_navigationConfig.cmake
[0.048s] -- Up-to-date symlink: /home/yang/dddmr/dddmr_x64_gazebo/install/champ_navigation/share/champ_navigation/cmake/champ_navigationConfig-version.cmake
[0.048s] -- Up-to-date symlink: /home/yang/dddmr/dddmr_x64_gazebo/install/champ_navigation/share/champ_navigation/package.xml
[0.050s] Invoked command in '/home/yang/dddmr/dddmr_x64_gazebo/build/champ_navigation' returned '0': CMAKE_PREFIX_PATH=/opt/ros/humble /usr/bin/cmake --install /home/yang/dddmr/dddmr_x64_gazebo/build/champ_navigation
