[0.006s] Invoking command in '/home/yang/dddmr/dddmr_x64_gazebo/build/champ_gazebo': AMENT_PREFIX_PATH=/home/yang/dddmr/dddmr_x64_gazebo/install/champ_msgs:/home/yang/dddmr/dddmr_x64_gazebo/install/champ:${AMENT_PREFIX_PATH} CMAKE_PREFIX_PATH=/home/yang/dddmr/dddmr_x64_gazebo/install/champ_msgs:/home/yang/dddmr/dddmr_x64_gazebo/install/champ:/opt/ros/humble LD_LIBRARY_PATH=/home/yang/dddmr/dddmr_x64_gazebo/install/champ_msgs/lib:${LD_LIBRARY_PATH} PYTHONPATH=/home/yang/dddmr/dddmr_x64_gazebo/install/champ_msgs/local/lib/python3.10/dist-packages:${PYTHONPATH} /usr/bin/cmake /home/yang/dddmr/dddmr_x64_gazebo/src/gz_quadbot/champ/champ_gazebo -DCMAKE_BUILD_TYPE=Release -DAMENT_CMAKE_SYMLINK_INSTALL=1 -DCMAKE_INSTALL_PREFIX=/home/yang/dddmr/dddmr_x64_gazebo/install/champ_gazebo
[0.054s] -- The C compiler identification is GNU 11.4.0
[0.090s] -- The CXX compiler identification is GNU 11.4.0
[0.095s] -- Detecting C compiler ABI info
[0.161s] -- Detecting C compiler ABI info - done
[0.166s] -- Check for working C compiler: /usr/bin/cc - skipped
[0.166s] -- Detecting C compile features
[0.166s] -- Detecting C compile features - done
[0.168s] -- Detecting CXX compiler ABI info
[0.243s] -- Detecting CXX compiler ABI info - done
[0.247s] -- Check for working CXX compiler: /usr/bin/c++ - skipped
[0.247s] -- Detecting CXX compile features
[0.248s] -- Detecting CXX compile features - done
[0.249s] -- Found ament_cmake: 1.3.13 (/opt/ros/humble/share/ament_cmake/cmake)
[0.329s] -- Found Python3: /usr/bin/python3 (found version "3.10.12") found components: Interpreter 
[0.366s] -- Override CMake install command with custom implementation using symlinks instead of copying resources
[0.377s] -- Found rclcpp: 16.0.18 (/opt/ros/humble/share/rclcpp/cmake)
[0.396s] -- Found rosidl_generator_c: 3.1.8 (/opt/ros/humble/share/rosidl_generator_c/cmake)
[0.398s] -- Found rosidl_adapter: 3.1.8 (/opt/ros/humble/share/rosidl_adapter/cmake)
[0.402s] -- Found rosidl_generator_cpp: 3.1.8 (/opt/ros/humble/share/rosidl_generator_cpp/cmake)
[0.408s] -- Using all available rosidl_typesupport_c: rosidl_typesupport_fastrtps_c;rosidl_typesupport_introspection_c
[0.415s] -- Using all available rosidl_typesupport_cpp: rosidl_typesupport_fastrtps_cpp;rosidl_typesupport_introspection_cpp
[0.435s] -- Found rmw_implementation_cmake: 6.1.2 (/opt/ros/humble/share/rmw_implementation_cmake/cmake)
[0.437s] -- Found rmw_fastrtps_cpp: 6.2.10 (/opt/ros/humble/share/rmw_fastrtps_cpp/cmake)
[0.489s] -- Found OpenSSL: /usr/lib/x86_64-linux-gnu/libcrypto.so (found version "3.0.2")  
[0.505s] -- Found FastRTPS: /opt/ros/humble/include  
[0.526s] -- Using RMW implementation 'rmw_fastrtps_cpp' as default
[0.530s] -- Looking for pthread.h
[0.590s] -- Looking for pthread.h - found
[0.590s] -- Performing Test CMAKE_HAVE_LIBC_PTHREAD
[0.672s] -- Performing Test CMAKE_HAVE_LIBC_PTHREAD - Success
[0.673s] -- Found Threads: TRUE  
[0.700s] -- Found urdf: 2.6.1 (/opt/ros/humble/share/urdf/cmake)
[0.714s] -- Found champ: 0.1.0 (/home/yang/dddmr/dddmr_x64_gazebo/install/champ/share/champ/cmake)
[0.715s] -- Found champ_msgs: 0.1.0 (/home/yang/dddmr/dddmr_x64_gazebo/install/champ_msgs/share/champ_msgs/cmake)
[0.733s] [31mCMake Error at CMakeLists.txt:11 (find_package):
[0.733s]   By not providing "Findgazebo_ros2_control.cmake" in CMAKE_MODULE_PATH this
[0.733s]   project has asked CMake to find a package configuration file provided by
[0.733s]   "gazebo_ros2_control", but CMake did not find one.
[0.733s] 
[0.733s]   Could not find a package configuration file provided by
[0.733s]   "gazebo_ros2_control" with any of the following names:
[0.733s] 
[0.733s]     gazebo_ros2_controlConfig.cmake
[0.733s]     gazebo_ros2_control-config.cmake
[0.733s] 
[0.733s]   Add the installation prefix of "gazebo_ros2_control" to CMAKE_PREFIX_PATH
[0.734s]   or set "gazebo_ros2_control_DIR" to a directory containing one of the above
[0.734s]   files.  If "gazebo_ros2_control" provides a separate development package or
[0.734s]   SDK, be sure it has been installed.
[0.734s] 
[0.734s] [0m
[0.734s] -- Configuring incomplete, errors occurred!
[0.734s] See also "/home/yang/dddmr/dddmr_x64_gazebo/build/champ_gazebo/CMakeFiles/CMakeOutput.log".
[0.738s] Invoked command in '/home/yang/dddmr/dddmr_x64_gazebo/build/champ_gazebo' returned '1': AMENT_PREFIX_PATH=/home/yang/dddmr/dddmr_x64_gazebo/install/champ_msgs:/home/yang/dddmr/dddmr_x64_gazebo/install/champ:${AMENT_PREFIX_PATH} CMAKE_PREFIX_PATH=/home/yang/dddmr/dddmr_x64_gazebo/install/champ_msgs:/home/yang/dddmr/dddmr_x64_gazebo/install/champ:/opt/ros/humble LD_LIBRARY_PATH=/home/yang/dddmr/dddmr_x64_gazebo/install/champ_msgs/lib:${LD_LIBRARY_PATH} PYTHONPATH=/home/yang/dddmr/dddmr_x64_gazebo/install/champ_msgs/local/lib/python3.10/dist-packages:${PYTHONPATH} /usr/bin/cmake /home/yang/dddmr/dddmr_x64_gazebo/src/gz_quadbot/champ/champ_gazebo -DCMAKE_BUILD_TYPE=Release -DAMENT_CMAKE_SYMLINK_INSTALL=1 -DCMAKE_INSTALL_PREFIX=/home/yang/dddmr/dddmr_x64_gazebo/install/champ_gazebo
